04-Dec-2025 17:20:21.012 심각 [main] org.apache.catalina.startup.Catalina.stopServer [localhost:8006] (base 포트 [8006] 그리고 offset [0])와(과) 연결할 수 없었습니다. Tomcat이 실행 중이지 않을 수 있습니다.
04-Dec-2025 17:20:40.579 정보 [main] org.apache.catalina.startup.VersionLoggerListener.log 서버 버전 이름:    Apache Tomcat/9.0.104
04-Dec-2025 17:20:40.584 정보 [main] org.apache.catalina.startup.VersionLoggerListener.log Server 빌드 시각:  Apr 4 2025 12:32:55 UTC
04-Dec-2025 17:20:40.584 정보 [main] org.apache.catalina.startup.VersionLoggerListener.log Server 버전 번호:  9.0.104.0
04-Dec-2025 17:20:40.584 정보 [main] org.apache.catalina.startup.VersionLoggerListener.log 운영체제 이름:     Windows 11
04-Dec-2025 17:20:40.584 정보 [main] org.apache.catalina.startup.VersionLoggerListener.log 운영체제 버전:     10.0
04-Dec-2025 17:20:40.585 정보 [main] org.apache.catalina.startup.VersionLoggerListener.log 아키텍처:          amd64
04-Dec-2025 17:20:40.585 정보 [main] org.apache.catalina.startup.VersionLoggerListener.log 자바 홈:           C:\Program Files\Eclipse Adoptium\jdk-8.0.472.8-hotspot\jre
04-Dec-2025 17:20:40.585 정보 [main] org.apache.catalina.startup.VersionLoggerListener.log JVM 버전:          1.8.0_472-b08
04-Dec-2025 17:20:40.585 정보 [main] org.apache.catalina.startup.VersionLoggerListener.log JVM 벤더:          Temurin
04-Dec-2025 17:20:40.585 정보 [main] org.apache.catalina.startup.VersionLoggerListener.log CATALINA_BASE:     C:\AITEST\tomcat-9.0.104
04-Dec-2025 17:20:40.585 정보 [main] org.apache.catalina.startup.VersionLoggerListener.log CATALINA_HOME:     C:\AITEST\tomcat-9.0.104
04-Dec-2025 17:20:40.588 정보 [main] org.apache.catalina.startup.VersionLoggerListener.log 명령 행 아규먼트:  -Djava.util.logging.config.file=C:\AITEST\tomcat-9.0.104\conf\logging.properties
04-Dec-2025 17:20:40.588 정보 [main] org.apache.catalina.startup.VersionLoggerListener.log 명령 행 아규먼트:  -Djava.util.logging.manager=org.apache.juli.ClassLoaderLogManager
04-Dec-2025 17:20:40.588 정보 [main] org.apache.catalina.startup.VersionLoggerListener.log 명령 행 아규먼트:  -Dfile.encoding=MS949
04-Dec-2025 17:20:40.588 정보 [main] org.apache.catalina.startup.VersionLoggerListener.log 명령 행 아규먼트:  -Dconsole.encoding=MS949
04-Dec-2025 17:20:40.588 정보 [main] org.apache.catalina.startup.VersionLoggerListener.log 명령 행 아규먼트:  -Duser.language=ko
04-Dec-2025 17:20:40.589 정보 [main] org.apache.catalina.startup.VersionLoggerListener.log 명령 행 아규먼트:  -Duser.country=KR
04-Dec-2025 17:20:40.589 정보 [main] org.apache.catalina.startup.VersionLoggerListener.log 명령 행 아규먼트:  -Duser.timezone=Asia/Seoul
04-Dec-2025 17:20:40.589 정보 [main] org.apache.catalina.startup.VersionLoggerListener.log 명령 행 아규먼트:  -Dsun.stdout.encoding=MS949
04-Dec-2025 17:20:40.589 정보 [main] org.apache.catalina.startup.VersionLoggerListener.log 명령 행 아규먼트:  -Dsun.stderr.encoding=MS949
04-Dec-2025 17:20:40.589 정보 [main] org.apache.catalina.startup.VersionLoggerListener.log 명령 행 아규먼트:  -javaagent:C:\AITEST\tomcat-9.0.104\springloaded-1.2.8.RELEASE.jar
04-Dec-2025 17:20:40.589 정보 [main] org.apache.catalina.startup.VersionLoggerListener.log 명령 행 아규먼트:  -Xverify:none
04-Dec-2025 17:20:40.589 정보 [main] org.apache.catalina.startup.VersionLoggerListener.log 명령 행 아규먼트:  -Dspringloaded.debug=true
04-Dec-2025 17:20:40.590 정보 [main] org.apache.catalina.startup.VersionLoggerListener.log 명령 행 아규먼트:  -Dspringloaded.logLevel=DEBUG
04-Dec-2025 17:20:40.590 정보 [main] org.apache.catalina.startup.VersionLoggerListener.log 명령 행 아규먼트:  -Dproperty-override=C:\AITEST\tomcat-9.0.104\webapps\mycompany\WEB-INF\classes\hibernate-fix.properties
04-Dec-2025 17:20:40.590 정보 [main] org.apache.catalina.startup.VersionLoggerListener.log 명령 행 아규먼트:  -Djdk.tls.ephemeralDHKeySize=2048
04-Dec-2025 17:20:40.590 정보 [main] org.apache.catalina.startup.VersionLoggerListener.log 명령 행 아규먼트:  -Djava.protocol.handler.pkgs=org.apache.catalina.webresources
04-Dec-2025 17:20:40.590 정보 [main] org.apache.catalina.startup.VersionLoggerListener.log 명령 행 아규먼트:  -Dsun.io.useCanonCaches=false
04-Dec-2025 17:20:40.591 정보 [main] org.apache.catalina.startup.VersionLoggerListener.log 명령 행 아규먼트:  -Dignore.endorsed.dirs=
04-Dec-2025 17:20:40.591 정보 [main] org.apache.catalina.startup.VersionLoggerListener.log 명령 행 아규먼트:  -Dcatalina.base=C:\AITEST\tomcat-9.0.104
04-Dec-2025 17:20:40.591 정보 [main] org.apache.catalina.startup.VersionLoggerListener.log 명령 행 아규먼트:  -Dcatalina.home=C:\AITEST\tomcat-9.0.104
04-Dec-2025 17:20:40.591 정보 [main] org.apache.catalina.startup.VersionLoggerListener.log 명령 행 아규먼트:  -Djava.io.tmpdir=C:\AITEST\tomcat-9.0.104\temp
04-Dec-2025 17:20:40.765 정보 [main] org.apache.catalina.core.AprLifecycleListener.lifecycleEvent APR 버전 [1.7.4]을(를) 사용한, APR 기반 Apache Tomcat Native 라이브러리 [1.3.1]을(를) 로드했습니다.
04-Dec-2025 17:20:40.765 정보 [main] org.apache.catalina.core.AprLifecycleListener.lifecycleEvent APR 용량정보들: IPv6 [true], sendfile [true], accept filters [false], random [true], UDS [true].
04-Dec-2025 17:20:40.765 정보 [main] org.apache.catalina.core.AprLifecycleListener.lifecycleEvent APR/OpenSSL 설정: useAprConnector [false], useOpenSSL [true]
04-Dec-2025 17:20:40.773 정보 [main] org.apache.catalina.core.AprLifecycleListener.initializeSSL OpenSSL이 성공적으로 초기화되었습니다: [OpenSSL 3.0.14 4 Jun 2024]
04-Dec-2025 17:20:41.038 정보 [main] org.apache.coyote.AbstractProtocol.init 프로토콜 핸들러 ["http-nio-8080"]을(를) 초기화합니다.
04-Dec-2025 17:20:41.059 정보 [main] org.apache.catalina.startup.Catalina.load [694] 밀리초 내에 서버가 초기화되었습니다.
04-Dec-2025 17:20:44.419 정보 [main] org.apache.catalina.core.StandardService.startInternal 서비스 [Catalina]을(를) 시작합니다.
04-Dec-2025 17:20:44.420 정보 [main] org.apache.catalina.core.StandardEngine.startInternal 서버 엔진을 시작합니다: [Apache Tomcat/9.0.104]
04-Dec-2025 17:20:44.426 정보 [main] org.apache.catalina.startup.HostConfig.deployDirectory 웹 애플리케이션 디렉토리 [C:\AITEST\tomcat-9.0.104\webapps\admin]을(를) 배치합니다.
04-Dec-2025 17:20:44.811 정보 [main] org.apache.jasper.servlet.TldScanner.scanJars 적어도 하나의 JAR가 TLD들을 찾기 위해 스캔되었으나 아무 것도 찾지 못했습니다. 스캔했으나 TLD가 없는 JAR들의 전체 목록을 보시려면, 로그 레벨을 디버그 레벨로 설정하십시오. 스캔 과정에서 불필요한 JAR들을 건너뛰면, 시스템 시작 시간과 JSP 컴파일 시간을 단축시킬 수 있습니다.
04-Dec-2025 17:20:45.211 경고 [main] org.apache.catalina.util.SessionIdGeneratorBase.createSecureRandom [SHA1PRNG] 알고리즘을 사용하여, 세션 ID를 생성하기 위한 SecureRandom 객체를 생성하는데, [383] 밀리초가 소요됐습니다.
04-Dec-2025 17:20:45.226 정보 [main] org.apache.catalina.startup.HostConfig.deployDirectory 웹 애플리케이션 디렉토리 [C:\AITEST\tomcat-9.0.104\webapps\admin]에 대한 배치가 [800] 밀리초에 완료되었습니다.
04-Dec-2025 17:20:45.226 정보 [main] org.apache.catalina.startup.HostConfig.deployDirectory 웹 애플리케이션 디렉토리 [C:\AITEST\tomcat-9.0.104\webapps\docs]을(를) 배치합니다.
04-Dec-2025 17:20:45.340 정보 [main] org.apache.jasper.servlet.TldScanner.scanJars 적어도 하나의 JAR가 TLD들을 찾기 위해 스캔되었으나 아무 것도 찾지 못했습니다. 스캔했으나 TLD가 없는 JAR들의 전체 목록을 보시려면, 로그 레벨을 디버그 레벨로 설정하십시오. 스캔 과정에서 불필요한 JAR들을 건너뛰면, 시스템 시작 시간과 JSP 컴파일 시간을 단축시킬 수 있습니다.
04-Dec-2025 17:20:45.344 정보 [main] org.apache.catalina.startup.HostConfig.deployDirectory 웹 애플리케이션 디렉토리 [C:\AITEST\tomcat-9.0.104\webapps\docs]에 대한 배치가 [118] 밀리초에 완료되었습니다.
04-Dec-2025 17:20:45.345 정보 [main] org.apache.catalina.startup.HostConfig.deployDirectory 웹 애플리케이션 디렉토리 [C:\AITEST\tomcat-9.0.104\webapps\examples]을(를) 배치합니다.
04-Dec-2025 17:20:46.338 정보 [main] org.apache.jasper.servlet.TldScanner.scanJars 적어도 하나의 JAR가 TLD들을 찾기 위해 스캔되었으나 아무 것도 찾지 못했습니다. 스캔했으나 TLD가 없는 JAR들의 전체 목록을 보시려면, 로그 레벨을 디버그 레벨로 설정하십시오. 스캔 과정에서 불필요한 JAR들을 건너뛰면, 시스템 시작 시간과 JSP 컴파일 시간을 단축시킬 수 있습니다.
04-Dec-2025 17:20:46.409 정보 [main] org.apache.catalina.startup.HostConfig.deployDirectory 웹 애플리케이션 디렉토리 [C:\AITEST\tomcat-9.0.104\webapps\examples]에 대한 배치가 [1,064] 밀리초에 완료되었습니다.
04-Dec-2025 17:20:46.410 정보 [main] org.apache.catalina.startup.HostConfig.deployDirectory 웹 애플리케이션 디렉토리 [C:\AITEST\tomcat-9.0.104\webapps\host-manager]을(를) 배치합니다.
04-Dec-2025 17:20:46.543 정보 [main] org.apache.jasper.servlet.TldScanner.scanJars 적어도 하나의 JAR가 TLD들을 찾기 위해 스캔되었으나 아무 것도 찾지 못했습니다. 스캔했으나 TLD가 없는 JAR들의 전체 목록을 보시려면, 로그 레벨을 디버그 레벨로 설정하십시오. 스캔 과정에서 불필요한 JAR들을 건너뛰면, 시스템 시작 시간과 JSP 컴파일 시간을 단축시킬 수 있습니다.
04-Dec-2025 17:20:46.547 정보 [main] org.apache.catalina.startup.HostConfig.deployDirectory 웹 애플리케이션 디렉토리 [C:\AITEST\tomcat-9.0.104\webapps\host-manager]에 대한 배치가 [137] 밀리초에 완료되었습니다.
04-Dec-2025 17:20:46.547 정보 [main] org.apache.catalina.startup.HostConfig.deployDirectory 웹 애플리케이션 디렉토리 [C:\AITEST\tomcat-9.0.104\webapps\manager]을(를) 배치합니다.
04-Dec-2025 17:20:46.670 정보 [main] org.apache.jasper.servlet.TldScanner.scanJars 적어도 하나의 JAR가 TLD들을 찾기 위해 스캔되었으나 아무 것도 찾지 못했습니다. 스캔했으나 TLD가 없는 JAR들의 전체 목록을 보시려면, 로그 레벨을 디버그 레벨로 설정하십시오. 스캔 과정에서 불필요한 JAR들을 건너뛰면, 시스템 시작 시간과 JSP 컴파일 시간을 단축시킬 수 있습니다.
04-Dec-2025 17:20:46.672 정보 [main] org.apache.catalina.startup.HostConfig.deployDirectory 웹 애플리케이션 디렉토리 [C:\AITEST\tomcat-9.0.104\webapps\manager]에 대한 배치가 [125] 밀리초에 완료되었습니다.
04-Dec-2025 17:20:46.673 정보 [main] org.apache.catalina.startup.HostConfig.deployDirectory 웹 애플리케이션 디렉토리 [C:\AITEST\tomcat-9.0.104\webapps\mycompany]을(를) 배치합니다.
04-Dec-2025 17:21:08.304 정보 [main] org.apache.jasper.servlet.TldScanner.scanJars 적어도 하나의 JAR가 TLD들을 찾기 위해 스캔되었으나 아무 것도 찾지 못했습니다. 스캔했으나 TLD가 없는 JAR들의 전체 목록을 보시려면, 로그 레벨을 디버그 레벨로 설정하십시오. 스캔 과정에서 불필요한 JAR들을 건너뛰면, 시스템 시작 시간과 JSP 컴파일 시간을 단축시킬 수 있습니다.
04-Dec-2025 17:21:15.427 심각 [main] org.apache.catalina.core.StandardContext.startInternal 하나 이상의 리스너들이 시작하지 못했습니다. 상세 내역은 적절한 컨테이너 로그 파일에서 찾을 수 있습니다.
04-Dec-2025 17:21:15.429 심각 [main] org.apache.catalina.core.StandardContext.startInternal 이전 오류들로 인해 컨텍스트 [/mycompany]의 시작이 실패했습니다.
04-Dec-2025 17:21:15.459 경고 [main] org.apache.catalina.loader.WebappClassLoaderBase.clearReferencesJdbc 웹 애플리케이션 [mycompany]이(가) JDBC 드라이버 [org.hsqldb.jdbc.JDBCDriver]을(를) 등록했지만, 웹 애플리케이션이 중지될 때, 해당 JDBC 드라이버의 등록을 제거하지 못했습니다. 메모리 누수를 방지하기 위하여, 등록을 강제로 제거했습니다.
04-Dec-2025 17:21:15.459 경고 [main] org.apache.catalina.loader.WebappClassLoaderBase.clearReferencesThreads 웹 애플리케이션 [mycompany]이(가) [FileSystemWatcher: files=#5 cl=ParallelWebappClassLoader
  context: mycompany
  delegate: false
----------> Parent Classloader:
java.net.URLClassLoader@69663380
](이)라는 이름의 쓰레드를 시작시킨 것으로 보이지만, 해당 쓰레드를 중지시키지 못했습니다. 이는 메모리 누수를 유발할 가능성이 큽니다. 해당 쓰레드의 스택 트레이스:
 java.lang.Thread.sleep(Native Method)
 org.springsource.loaded.agent.Watcher.run(FileSystemWatcher.java:212)
 java.lang.Thread.run(Thread.java:750)
04-Dec-2025 17:21:15.460 경고 [main] org.apache.catalina.loader.WebappClassLoaderBase.clearReferencesThreads 웹 애플리케이션 [mycompany]이(가) [PoolCleaner[1735854903:1764836464766]](이)라는 이름의 쓰레드를 시작시킨 것으로 보이지만, 해당 쓰레드를 중지시키지 못했습니다. 이는 메모리 누수를 유발할 가능성이 큽니다. 해당 쓰레드의 스택 트레이스:
 java.lang.Object.wait(Native Method)
 java.util.TimerThread.mainLoop(Timer.java:552)
 java.util.TimerThread.run(Timer.java:505)
04-Dec-2025 17:21:15.461 심각 [main] org.apache.catalina.loader.WebappClassLoaderBase.checkThreadLocalMapForLeaks 웹 애플리케이션 [mycompany]이(가), 타입 [org.broadleafcommerce.common.classloader.release.ThreadLocalManager$1]인 키와 (값: [org.broadleafcommerce.common.classloader.release.ThreadLocalManager$1@496d179]) 타입 [org.broadleafcommerce.common.classloader.release.ThreadLocalManager]인 값을 (값: [org.broadleafcommerce.common.classloader.release.ThreadLocalManager@299ae9fb]) 사용하여 ThreadLocal 객체를 생성했지만, 웹 애플리케이션이 중지될 때 그것을 제거하지 못했습니다. 혹시 있을 법한 메모리 누수를 방지하기 위하여, 시간을 두고 쓰레드들을 재생성할 것입니다.
04-Dec-2025 17:21:15.462 심각 [main] org.apache.catalina.loader.WebappClassLoaderBase.checkThreadLocalMapForLeaks 웹 애플리케이션 [mycompany]이(가), 타입 [org.broadleafcommerce.common.classloader.release.ThreadLocalManager$2]인 키와 (값: [org.broadleafcommerce.common.classloader.release.ThreadLocalManager$2@3ac66a87]) 타입 [org.broadleafcommerce.common.extensibility.jpa.ConfigurationOnlyState]인 값을 (값: [org.broadleafcommerce.common.extensibility.jpa.ConfigurationOnlyState@86979bf]) 사용하여 ThreadLocal 객체를 생성했지만, 웹 애플리케이션이 중지될 때 그것을 제거하지 못했습니다. 혹시 있을 법한 메모리 누수를 방지하기 위하여, 시간을 두고 쓰레드들을 재생성할 것입니다.
04-Dec-2025 17:21:15.462 심각 [main] org.apache.catalina.loader.WebappClassLoaderBase.checkThreadLocalMapForLeaks 웹 애플리케이션 [mycompany]이(가), 타입 [org.broadleafcommerce.common.classloader.release.ThreadLocalManager$2]인 키와 (값: [org.broadleafcommerce.common.classloader.release.ThreadLocalManager$2@76c29c78]) 타입 [org.broadleafcommerce.common.web.BroadleafRequestContext]인 값을 (값: [org.broadleafcommerce.common.web.BroadleafRequestContext@5406f576]) 사용하여 ThreadLocal 객체를 생성했지만, 웹 애플리케이션이 중지될 때 그것을 제거하지 못했습니다. 혹시 있을 법한 메모리 누수를 방지하기 위하여, 시간을 두고 쓰레드들을 재생성할 것입니다.
04-Dec-2025 17:21:15.470 정보 [main] org.apache.catalina.startup.HostConfig.deployDirectory 웹 애플리케이션 디렉토리 [C:\AITEST\tomcat-9.0.104\webapps\mycompany]에 대한 배치가 [28,797] 밀리초에 완료되었습니다.
04-Dec-2025 17:21:15.471 정보 [main] org.apache.catalina.startup.HostConfig.deployDirectory 웹 애플리케이션 디렉토리 [C:\AITEST\tomcat-9.0.104\webapps\ROOT]을(를) 배치합니다.
04-Dec-2025 17:21:15.698 정보 [main] org.apache.jasper.servlet.TldScanner.scanJars 적어도 하나의 JAR가 TLD들을 찾기 위해 스캔되었으나 아무 것도 찾지 못했습니다. 스캔했으나 TLD가 없는 JAR들의 전체 목록을 보시려면, 로그 레벨을 디버그 레벨로 설정하십시오. 스캔 과정에서 불필요한 JAR들을 건너뛰면, 시스템 시작 시간과 JSP 컴파일 시간을 단축시킬 수 있습니다.
04-Dec-2025 17:21:15.701 정보 [main] org.apache.catalina.startup.HostConfig.deployDirectory 웹 애플리케이션 디렉토리 [C:\AITEST\tomcat-9.0.104\webapps\ROOT]에 대한 배치가 [230] 밀리초에 완료되었습니다.
04-Dec-2025 17:21:15.710 정보 [main] org.apache.coyote.AbstractProtocol.start 프로토콜 핸들러 ["http-nio-8080"]을(를) 시작합니다.
04-Dec-2025 17:21:15.733 정보 [main] org.apache.catalina.startup.Catalina.start 서버가 [34674] 밀리초 내에 시작되었습니다.
04-Dec-2025 17:21:34.778 정보 [PoolCleaner[1735854903:1764836464766]] org.apache.catalina.loader.WebappClassLoaderBase.checkStateForResourceLoading 불허되는 접근: 이 웹 애플리케이션 인스턴스는 이미 중지되었습니다. [org.apache.tomcat.jdbc.pool.FairBlockingQueue$FairIterator]을(를) 로드할 수 없습니다. 디버그 목적 및 불허되는 접근을 발생시킨 해당 쓰레드를 종료시키기 위한 시도로서, 다음 스택 트레이스가 생성됩니다.
	java.lang.IllegalStateException: 불허되는 접근: 이 웹 애플리케이션 인스턴스는 이미 중지되었습니다. [org.apache.tomcat.jdbc.pool.FairBlockingQueue$FairIterator]을(를) 로드할 수 없습니다. 디버그 목적 및 불허되는 접근을 발생시킨 해당 쓰레드를 종료시키기 위한 시도로서, 다음 스택 트레이스가 생성됩니다.
		at org.apache.catalina.loader.WebappClassLoaderBase.checkStateForResourceLoading(WebappClassLoaderBase.java:1374)
		at org.apache.catalina.loader.WebappClassLoaderBase.checkStateForClassLoading(WebappClassLoaderBase.java:1362)
		at org.apache.catalina.loader.WebappClassLoaderBase.loadClass(WebappClassLoaderBase.java:1196)
		at org.apache.catalina.loader.WebappClassLoaderBase.loadClass(WebappClassLoaderBase.java:1163)
		at org.apache.tomcat.jdbc.pool.FairBlockingQueue.iterator(FairBlockingQueue.java:233)
		at org.apache.tomcat.jdbc.pool.ConnectionPool.checkIdle(ConnectionPool.java:988)
		at org.apache.tomcat.jdbc.pool.ConnectionPool.checkIdle(ConnectionPool.java:980)
		at org.apache.tomcat.jdbc.pool.ConnectionPool$PoolCleaner.run(ConnectionPool.java:1348)
		at java.util.TimerThread.mainLoop(Timer.java:555)
		at java.util.TimerThread.run(Timer.java:505)
04-Dec-2025 17:21:34.779 정보 [PoolCleaner[1735854903:1764836464766]] org.apache.catalina.loader.WebappClassLoaderBase.checkStateForResourceLoading 불허되는 접근: 이 웹 애플리케이션 인스턴스는 이미 중지되었습니다. [java.util.ConcurrentModificationException]을(를) 로드할 수 없습니다. 디버그 목적 및 불허되는 접근을 발생시킨 해당 쓰레드를 종료시키기 위한 시도로서, 다음 스택 트레이스가 생성됩니다.
	java.lang.IllegalStateException: 불허되는 접근: 이 웹 애플리케이션 인스턴스는 이미 중지되었습니다. [java.util.ConcurrentModificationException]을(를) 로드할 수 없습니다. 디버그 목적 및 불허되는 접근을 발생시킨 해당 쓰레드를 종료시키기 위한 시도로서, 다음 스택 트레이스가 생성됩니다.
		at org.apache.catalina.loader.WebappClassLoaderBase.checkStateForResourceLoading(WebappClassLoaderBase.java:1374)
		at org.apache.catalina.loader.WebappClassLoaderBase.checkStateForClassLoading(WebappClassLoaderBase.java:1362)
		at org.apache.catalina.loader.WebappClassLoaderBase.loadClass(WebappClassLoaderBase.java:1196)
		at org.apache.catalina.loader.WebappClassLoaderBase.loadClass(WebappClassLoaderBase.java:1163)
		at org.apache.tomcat.jdbc.pool.ConnectionPool.checkIdle(ConnectionPool.java:988)
		at org.apache.tomcat.jdbc.pool.ConnectionPool.checkIdle(ConnectionPool.java:980)
		at org.apache.tomcat.jdbc.pool.ConnectionPool$PoolCleaner.run(ConnectionPool.java:1348)
		at java.util.TimerThread.mainLoop(Timer.java:555)
		at java.util.TimerThread.run(Timer.java:505)
