24-Nov-2025 14:01:29.119 Ï†ïÎ≥¥ [Catalina-utility-1] org.apache.catalina.core.ApplicationContext.log Destroying Spring FrameworkServlet 'admin'
24-Nov-2025 14:01:29.168 Ï†ïÎ≥¥ [Catalina-utility-1] org.apache.catalina.core.ApplicationContext.log Closing Spring root WebApplicationContext
24-Nov-2025 14:01:41.488 Ï†ïÎ≥¥ [Catalina-utility-1] org.apache.catalina.core.ApplicationContext.log Shutting down log4j
24-Nov-2025 14:03:27.669 Ï†ïÎ≥¥ [main] org.apache.catalina.core.ApplicationContext.log No Spring WebApplicationInitializer types detected on classpath
24-Nov-2025 14:03:27.702 Ï†ïÎ≥¥ [main] org.apache.catalina.core.ApplicationContext.log Set web app root system property: 'site.root' = [C:\AITEST\tomcat-9.0.104\webapps\mycompany\]
24-Nov-2025 14:03:27.781 Ï†ïÎ≥¥ [main] org.apache.catalina.core.ApplicationContext.log Initializing log4j from [C:\AITEST\tomcat-9.0.104\webapps\mycompany\WEB-INF\log4j.xml]
24-Nov-2025 14:03:27.919 Ï†ïÎ≥¥ [main] org.apache.catalina.core.ApplicationContext.log Initializing Spring root WebApplicationContext
24-Nov-2025 14:03:43.029 Ï†ïÎ≥¥ [main] org.apache.catalina.core.ApplicationContext.log Initializing Spring FrameworkServlet 'mycompany'
24-Nov-2025 14:03:45.672 Ï†ïÎ≥¥ [main] org.apache.catalina.core.ApplicationContext.log ContextListener: contextInitialized()
24-Nov-2025 14:03:45.673 Ï†ïÎ≥¥ [main] org.apache.catalina.core.ApplicationContext.log SessionListener: contextInitialized()
24-Nov-2025 14:03:45.676 Ï†ïÎ≥¥ [main] org.apache.catalina.core.ApplicationContext.log ContextListener: attributeAdded('StockTicker', 'async.Stockticker@665fbcbc')
24-Nov-2025 14:03:46.088 Ï†ïÎ≥¥ [main] org.apache.catalina.core.ApplicationContext.log SessionListener: contextDestroyed()
24-Nov-2025 14:03:46.088 Ï†ïÎ≥¥ [main] org.apache.catalina.core.ApplicationContext.log ContextListener: contextDestroyed()
24-Nov-2025 14:03:46.094 Ï†ïÎ≥¥ [main] org.apache.catalina.core.ApplicationContext.log Destroying Spring FrameworkServlet 'mycompany'
24-Nov-2025 14:03:46.096 Ï†ïÎ≥¥ [main] org.apache.catalina.core.ApplicationContext.log Closing Spring root WebApplicationContext
24-Nov-2025 14:03:46.238 Ï†ïÎ≥¥ [main] org.apache.catalina.core.ApplicationContext.log Shutting down log4j
24-Nov-2025 14:04:59.475 Ï†ïÎ≥¥ [main] org.apache.catalina.core.ApplicationContext.log SessionListener: contextDestroyed()
24-Nov-2025 14:04:59.475 Ï†ïÎ≥¥ [main] org.apache.catalina.core.ApplicationContext.log ContextListener: contextDestroyed()
24-Nov-2025 14:04:59.484 Ï†ïÎ≥¥ [main] org.apache.catalina.core.ApplicationContext.log Destroying Spring FrameworkServlet 'mycompany'
24-Nov-2025 14:04:59.510 Ï†ïÎ≥¥ [main] org.apache.catalina.core.ApplicationContext.log Closing Spring root WebApplicationContext
24-Nov-2025 14:05:00.088 Ï†ïÎ≥¥ [main] org.apache.catalina.core.ApplicationContext.log Shutting down log4j
24-Nov-2025 14:05:19.106 Ï†ïÎ≥¥ [main] org.apache.catalina.core.ApplicationContext.log No Spring WebApplicationInitializer types detected on classpath
24-Nov-2025 14:05:19.141 Ï†ïÎ≥¥ [main] org.apache.catalina.core.ApplicationContext.log Set web app root system property: 'site.root' = [C:\AITEST\tomcat-9.0.104\webapps\mycompany\]
24-Nov-2025 14:05:19.219 Ï†ïÎ≥¥ [main] org.apache.catalina.core.ApplicationContext.log Initializing log4j from [C:\AITEST\tomcat-9.0.104\webapps\mycompany\WEB-INF\log4j.xml]
24-Nov-2025 14:05:19.349 Ï†ïÎ≥¥ [main] org.apache.catalina.core.ApplicationContext.log Initializing Spring root WebApplicationContext
24-Nov-2025 14:05:33.869 Ï†ïÎ≥¥ [main] org.apache.catalina.core.ApplicationContext.log Initializing Spring FrameworkServlet 'mycompany'
24-Nov-2025 14:05:36.825 Ï†ïÎ≥¥ [main] org.apache.catalina.core.ApplicationContext.log ContextListener: contextInitialized()
24-Nov-2025 14:05:36.825 Ï†ïÎ≥¥ [main] org.apache.catalina.core.ApplicationContext.log SessionListener: contextInitialized()
24-Nov-2025 14:05:36.828 Ï†ïÎ≥¥ [main] org.apache.catalina.core.ApplicationContext.log ContextListener: attributeAdded('StockTicker', 'async.Stockticker@4d39eec6')
24-Nov-2025 14:09:23.652 Ïã¨Í∞Å [http-nio-8080-exec-2] org.apache.catalina.core.StandardWrapperValve.invoke Í≤ΩÎ°ú [/admin]Ïùò Ïª®ÌÖçÏä§Ìä∏ ÎÇ¥Ïùò ÏÑúÎ∏îÎ¶ø [jsp]ÏùÑ(Î•º) ÏúÑÌïú Servlet.service() Ìò∏Ï∂úÏù¥, Í∑ºÎ≥∏ ÏõêÏù∏(root cause)Í≥º Ìï®Íªò, ÏòàÏô∏ [Ìñâ [3]ÏóêÏÑú [/test.jsp]ÏùÑ(Î•º) Ï≤òÎ¶¨ÌïòÎäî Ï§ë ÏòàÏô∏ Î∞úÏÉù

1: <%@ page import="org.broadleafcommerce.admin.web.controller.entity.AdminProductController" %>
2: <%
3:     AdminProductController controller = new AdminProductController();
4:     String message = controller.getTestMessage();
5: %>
6: <html>


Stacktrace:]ÏùÑ(Î•º) Î∞úÏÉùÏãúÏº∞ÏäµÎãàÎã§.
	java.lang.ClassNotFoundException: org.broadleafcommerce.openadmin.web.controller.entity.AdminBasicEntityController
		at org.apache.catalina.loader.WebappClassLoaderBase.loadClass(WebappClassLoaderBase.java:1354)
		at org.apache.catalina.loader.WebappClassLoaderBase.loadClass(WebappClassLoaderBase.java:1163)
		at java.lang.ClassLoader.defineClass1(Native Method)
		at java.lang.ClassLoader.defineClass(ClassLoader.java:756)
		at java.security.SecureClassLoader.defineClass(SecureClassLoader.java:142)
		at org.apache.catalina.loader.WebappClassLoaderBase.findClassInternal(WebappClassLoaderBase.java:2342)
		at org.apache.catalina.loader.WebappClassLoaderBase.findClassInternal(WebappClassLoaderBase.java:2216)
		at org.apache.catalina.loader.WebappClassLoaderBase.findClass(WebappClassLoaderBase.java:824)
		at org.apache.catalina.loader.WebappClassLoaderBase.loadClass(WebappClassLoaderBase.java:1315)
		at org.apache.catalina.loader.WebappClassLoaderBase.loadClass(WebappClassLoaderBase.java:1163)
		at org.apache.jasper.servlet.JasperLoader.loadClass(JasperLoader.java:112)
		at org.apache.jasper.servlet.JasperLoader.loadClass(JasperLoader.java:56)
		at org.apache.jsp.test_jsp._jspService(test_jsp.java:121)
		at org.apache.jasper.runtime.HttpJspBase.service(HttpJspBase.java:64)
		at javax.servlet.http.HttpServlet.service(HttpServlet.java:623)
		at org.apache.jasper.servlet.JspServletWrapper.service(JspServletWrapper.java:446)
		at org.apache.jasper.servlet.JspServlet.serviceJspFile(JspServlet.java:356)
		at org.apache.jasper.servlet.JspServlet.service(JspServlet.java:307)
		at javax.servlet.http.HttpServlet.service(HttpServlet.java:623)
		at org.apache.catalina.core.ApplicationFilterChain.internalDoFilter(ApplicationFilterChain.java:199)
		at org.apache.catalina.core.ApplicationFilterChain.doFilter(ApplicationFilterChain.java:144)
		at org.apache.tomcat.websocket.server.WsFilter.doFilter(WsFilter.java:51)
		at org.apache.catalina.core.ApplicationFilterChain.internalDoFilter(ApplicationFilterChain.java:168)
		at org.apache.catalina.core.ApplicationFilterChain.doFilter(ApplicationFilterChain.java:144)
		at org.apache.catalina.core.StandardWrapperValve.invoke(StandardWrapperValve.java:168)
		at org.apache.catalina.core.StandardContextValve.invoke(StandardContextValve.java:90)
		at org.apache.catalina.authenticator.AuthenticatorBase.invoke(AuthenticatorBase.java:482)
		at org.apache.catalina.core.StandardHostValve.invoke(StandardHostValve.java:130)
		at org.apache.catalina.valves.ErrorReportValve.invoke(ErrorReportValve.java:93)
		at org.apache.catalina.valves.AbstractAccessLogValve.invoke(AbstractAccessLogValve.java:656)
		at org.apache.catalina.core.StandardEngineValve.invoke(StandardEngineValve.java:74)
		at org.apache.catalina.connector.CoyoteAdapter.service(CoyoteAdapter.java:346)
		at org.apache.coyote.http11.Http11Processor.service(Http11Processor.java:397)
		at org.apache.coyote.AbstractProcessorLight.process(AbstractProcessorLight.java:63)
		at org.apache.coyote.AbstractProtocol$ConnectionHandler.process(AbstractProtocol.java:935)
		at org.apache.tomcat.util.net.NioEndpoint$SocketProcessor.doRun(NioEndpoint.java:1792)
		at org.apache.tomcat.util.net.SocketProcessorBase.run(SocketProcessorBase.java:52)
		at org.apache.tomcat.util.threads.ThreadPoolExecutor.runWorker(ThreadPoolExecutor.java:1189)
		at org.apache.tomcat.util.threads.ThreadPoolExecutor$Worker.run(ThreadPoolExecutor.java:658)
		at org.apache.tomcat.util.threads.TaskThread$WrappingRunnable.run(TaskThread.java:63)
		at java.lang.Thread.run(Thread.java:750)
24-Nov-2025 14:09:23.652 Ïã¨Í∞Å [http-nio-8080-exec-4] org.apache.catalina.core.StandardWrapperValve.invoke Í≤ΩÎ°ú [/admin]Ïùò Ïª®ÌÖçÏä§Ìä∏ ÎÇ¥Ïùò ÏÑúÎ∏îÎ¶ø [jsp]ÏùÑ(Î•º) ÏúÑÌïú Servlet.service() Ìò∏Ï∂úÏù¥, Í∑ºÎ≥∏ ÏõêÏù∏(root cause)Í≥º Ìï®Íªò, ÏòàÏô∏ [Ìñâ [3]ÏóêÏÑú [/test.jsp]ÏùÑ(Î•º) Ï≤òÎ¶¨ÌïòÎäî Ï§ë ÏòàÏô∏ Î∞úÏÉù

1: <%@ page import="org.broadleafcommerce.admin.web.controller.entity.AdminProductController" %>
2: <%
3:     AdminProductController controller = new AdminProductController();
4:     String message = controller.getTestMessage();
5: %>
6: <html>


Stacktrace:]ÏùÑ(Î•º) Î∞úÏÉùÏãúÏº∞ÏäµÎãàÎã§.
	java.lang.NoClassDefFoundError: org/broadleafcommerce/openadmin/web/controller/entity/AdminBasicEntityController
		at org.apache.jsp.test_jsp._jspService(test_jsp.java:121)
		at org.apache.jasper.runtime.HttpJspBase.service(HttpJspBase.java:64)
		at javax.servlet.http.HttpServlet.service(HttpServlet.java:623)
		at org.apache.jasper.servlet.JspServletWrapper.service(JspServletWrapper.java:446)
		at org.apache.jasper.servlet.JspServlet.serviceJspFile(JspServlet.java:356)
		at org.apache.jasper.servlet.JspServlet.service(JspServlet.java:307)
		at javax.servlet.http.HttpServlet.service(HttpServlet.java:623)
		at org.apache.catalina.core.ApplicationFilterChain.internalDoFilter(ApplicationFilterChain.java:199)
		at org.apache.catalina.core.ApplicationFilterChain.doFilter(ApplicationFilterChain.java:144)
		at org.apache.tomcat.websocket.server.WsFilter.doFilter(WsFilter.java:51)
		at org.apache.catalina.core.ApplicationFilterChain.internalDoFilter(ApplicationFilterChain.java:168)
		at org.apache.catalina.core.ApplicationFilterChain.doFilter(ApplicationFilterChain.java:144)
		at org.apache.catalina.core.StandardWrapperValve.invoke(StandardWrapperValve.java:168)
		at org.apache.catalina.core.StandardContextValve.invoke(StandardContextValve.java:90)
		at org.apache.catalina.authenticator.AuthenticatorBase.invoke(AuthenticatorBase.java:482)
		at org.apache.catalina.core.StandardHostValve.invoke(StandardHostValve.java:130)
		at org.apache.catalina.valves.ErrorReportValve.invoke(ErrorReportValve.java:93)
		at org.apache.catalina.valves.AbstractAccessLogValve.invoke(AbstractAccessLogValve.java:656)
		at org.apache.catalina.core.StandardEngineValve.invoke(StandardEngineValve.java:74)
		at org.apache.catalina.connector.CoyoteAdapter.service(CoyoteAdapter.java:346)
		at org.apache.coyote.http11.Http11Processor.service(Http11Processor.java:397)
		at org.apache.coyote.AbstractProcessorLight.process(AbstractProcessorLight.java:63)
		at org.apache.coyote.AbstractProtocol$ConnectionHandler.process(AbstractProtocol.java:935)
		at org.apache.tomcat.util.net.NioEndpoint$SocketProcessor.doRun(NioEndpoint.java:1792)
		at org.apache.tomcat.util.net.SocketProcessorBase.run(SocketProcessorBase.java:52)
		at org.apache.tomcat.util.threads.ThreadPoolExecutor.runWorker(ThreadPoolExecutor.java:1189)
		at org.apache.tomcat.util.threads.ThreadPoolExecutor$Worker.run(ThreadPoolExecutor.java:658)
		at org.apache.tomcat.util.threads.TaskThread$WrappingRunnable.run(TaskThread.java:63)
		at java.lang.Thread.run(Thread.java:750)
24-Nov-2025 14:10:25.539 Ï†ïÎ≥¥ [main] org.apache.catalina.core.ApplicationContext.log SessionListener: contextDestroyed()
24-Nov-2025 14:10:25.539 Ï†ïÎ≥¥ [main] org.apache.catalina.core.ApplicationContext.log ContextListener: contextDestroyed()
24-Nov-2025 14:10:25.544 Ï†ïÎ≥¥ [main] org.apache.catalina.core.ApplicationContext.log Destroying Spring FrameworkServlet 'mycompany'
24-Nov-2025 14:10:25.546 Ï†ïÎ≥¥ [main] org.apache.catalina.core.ApplicationContext.log Closing Spring root WebApplicationContext
24-Nov-2025 14:10:25.884 Ï†ïÎ≥¥ [main] org.apache.catalina.core.ApplicationContext.log Shutting down log4j
24-Nov-2025 14:10:46.070 Ï†ïÎ≥¥ [main] org.apache.catalina.core.ApplicationContext.log No Spring WebApplicationInitializer types detected on classpath
24-Nov-2025 14:10:46.109 Ï†ïÎ≥¥ [main] org.apache.catalina.core.ApplicationContext.log Set web app root system property: 'site.root' = [C:\AITEST\tomcat-9.0.104\webapps\mycompany\]
24-Nov-2025 14:10:46.203 Ï†ïÎ≥¥ [main] org.apache.catalina.core.ApplicationContext.log Initializing log4j from [C:\AITEST\tomcat-9.0.104\webapps\mycompany\WEB-INF\log4j.xml]
24-Nov-2025 14:10:46.356 Ï†ïÎ≥¥ [main] org.apache.catalina.core.ApplicationContext.log Initializing Spring root WebApplicationContext
24-Nov-2025 14:11:02.563 Ï†ïÎ≥¥ [main] org.apache.catalina.core.ApplicationContext.log Initializing Spring FrameworkServlet 'mycompany'
24-Nov-2025 14:15:15.846 Ï†ïÎ≥¥ [main] org.apache.catalina.core.ApplicationContext.log ContextListener: contextInitialized()
24-Nov-2025 14:15:15.846 Ï†ïÎ≥¥ [main] org.apache.catalina.core.ApplicationContext.log SessionListener: contextInitialized()
24-Nov-2025 14:15:15.849 Ï†ïÎ≥¥ [main] org.apache.catalina.core.ApplicationContext.log ContextListener: attributeAdded('StockTicker', 'async.Stockticker@71b62e9b')
24-Nov-2025 14:16:16.719 Ï†ïÎ≥¥ [main] org.apache.catalina.core.ApplicationContext.log SessionListener: contextDestroyed()
24-Nov-2025 14:16:16.719 Ï†ïÎ≥¥ [main] org.apache.catalina.core.ApplicationContext.log ContextListener: contextDestroyed()
24-Nov-2025 14:16:16.723 Ï†ïÎ≥¥ [main] org.apache.catalina.core.ApplicationContext.log Destroying Spring FrameworkServlet 'mycompany'
24-Nov-2025 14:16:16.726 Ï†ïÎ≥¥ [main] org.apache.catalina.core.ApplicationContext.log Closing Spring root WebApplicationContext
24-Nov-2025 14:16:17.080 Ï†ïÎ≥¥ [main] org.apache.catalina.core.ApplicationContext.log Shutting down log4j
24-Nov-2025 14:16:33.741 Ï†ïÎ≥¥ [main] org.apache.catalina.core.ApplicationContext.log No Spring WebApplicationInitializer types detected on classpath
24-Nov-2025 14:16:33.772 Ï†ïÎ≥¥ [main] org.apache.catalina.core.ApplicationContext.log Set web app root system property: 'site.root' = [C:\AITEST\tomcat-9.0.104\webapps\mycompany\]
24-Nov-2025 14:16:33.836 Ï†ïÎ≥¥ [main] org.apache.catalina.core.ApplicationContext.log Initializing log4j from [C:\AITEST\tomcat-9.0.104\webapps\mycompany\WEB-INF\log4j.xml]
24-Nov-2025 14:16:33.983 Ï†ïÎ≥¥ [main] org.apache.catalina.core.ApplicationContext.log Initializing Spring root WebApplicationContext
24-Nov-2025 14:16:53.628 Ï†ïÎ≥¥ [main] org.apache.catalina.core.ApplicationContext.log Initializing Spring FrameworkServlet 'mycompany'
24-Nov-2025 14:16:57.058 Ï†ïÎ≥¥ [main] org.apache.catalina.core.ApplicationContext.log ContextListener: contextInitialized()
24-Nov-2025 14:16:57.059 Ï†ïÎ≥¥ [main] org.apache.catalina.core.ApplicationContext.log SessionListener: contextInitialized()
24-Nov-2025 14:16:57.061 Ï†ïÎ≥¥ [main] org.apache.catalina.core.ApplicationContext.log ContextListener: attributeAdded('StockTicker', 'async.Stockticker@1362ea0b')
24-Nov-2025 14:17:46.812 Ï†ïÎ≥¥ [main] org.apache.catalina.core.ApplicationContext.log SessionListener: contextDestroyed()
24-Nov-2025 14:17:46.813 Ï†ïÎ≥¥ [main] org.apache.catalina.core.ApplicationContext.log ContextListener: contextDestroyed()
24-Nov-2025 14:17:46.820 Ï†ïÎ≥¥ [main] org.apache.catalina.core.ApplicationContext.log Destroying Spring FrameworkServlet 'mycompany'
24-Nov-2025 14:17:46.823 Ï†ïÎ≥¥ [main] org.apache.catalina.core.ApplicationContext.log Closing Spring root WebApplicationContext
24-Nov-2025 14:17:47.147 Ï†ïÎ≥¥ [main] org.apache.catalina.core.ApplicationContext.log Shutting down log4j
24-Nov-2025 14:18:07.700 Ï†ïÎ≥¥ [main] org.apache.catalina.core.ApplicationContext.log No Spring WebApplicationInitializer types detected on classpath
24-Nov-2025 14:18:07.732 Ï†ïÎ≥¥ [main] org.apache.catalina.core.ApplicationContext.log Set web app root system property: 'site.root' = [C:\AITEST\tomcat-9.0.104\webapps\mycompany\]
24-Nov-2025 14:18:07.806 Ï†ïÎ≥¥ [main] org.apache.catalina.core.ApplicationContext.log Initializing log4j from [C:\AITEST\tomcat-9.0.104\webapps\mycompany\WEB-INF\log4j.xml]
24-Nov-2025 14:18:07.970 Ï†ïÎ≥¥ [main] org.apache.catalina.core.ApplicationContext.log Initializing Spring root WebApplicationContext
24-Nov-2025 14:18:27.751 Ï†ïÎ≥¥ [main] org.apache.catalina.core.ApplicationContext.log Initializing Spring FrameworkServlet 'mycompany'
24-Nov-2025 14:18:31.318 Ï†ïÎ≥¥ [main] org.apache.catalina.core.ApplicationContext.log ContextListener: contextInitialized()
24-Nov-2025 14:18:31.318 Ï†ïÎ≥¥ [main] org.apache.catalina.core.ApplicationContext.log SessionListener: contextInitialized()
24-Nov-2025 14:18:31.323 Ï†ïÎ≥¥ [main] org.apache.catalina.core.ApplicationContext.log ContextListener: attributeAdded('StockTicker', 'async.Stockticker@27d30729')
24-Nov-2025 14:19:01.262 Ï†ïÎ≥¥ [main] org.apache.catalina.core.ApplicationContext.log SessionListener: contextDestroyed()
24-Nov-2025 14:19:01.262 Ï†ïÎ≥¥ [main] org.apache.catalina.core.ApplicationContext.log ContextListener: contextDestroyed()
24-Nov-2025 14:19:01.269 Ï†ïÎ≥¥ [main] org.apache.catalina.core.ApplicationContext.log Destroying Spring FrameworkServlet 'mycompany'
24-Nov-2025 14:19:01.273 Ï†ïÎ≥¥ [main] org.apache.catalina.core.ApplicationContext.log Closing Spring root WebApplicationContext
24-Nov-2025 14:19:01.603 Ï†ïÎ≥¥ [main] org.apache.catalina.core.ApplicationContext.log Shutting down log4j
24-Nov-2025 14:19:24.277 Ï†ïÎ≥¥ [main] org.apache.catalina.core.ApplicationContext.log No Spring WebApplicationInitializer types detected on classpath
24-Nov-2025 14:19:24.313 Ï†ïÎ≥¥ [main] org.apache.catalina.core.ApplicationContext.log Set web app root system property: 'site.root' = [C:\AITEST\tomcat-9.0.104\webapps\mycompany\]
24-Nov-2025 14:19:24.394 Ï†ïÎ≥¥ [main] org.apache.catalina.core.ApplicationContext.log Initializing log4j from [C:\AITEST\tomcat-9.0.104\webapps\mycompany\WEB-INF\log4j.xml]
24-Nov-2025 14:19:24.553 Ï†ïÎ≥¥ [main] org.apache.catalina.core.ApplicationContext.log Initializing Spring root WebApplicationContext
24-Nov-2025 14:19:45.676 Ï†ïÎ≥¥ [main] org.apache.catalina.core.ApplicationContext.log Initializing Spring FrameworkServlet 'mycompany'
24-Nov-2025 14:19:49.562 Ï†ïÎ≥¥ [main] org.apache.catalina.core.ApplicationContext.log ContextListener: contextInitialized()
24-Nov-2025 14:19:49.562 Ï†ïÎ≥¥ [main] org.apache.catalina.core.ApplicationContext.log SessionListener: contextInitialized()
24-Nov-2025 14:19:49.567 Ï†ïÎ≥¥ [main] org.apache.catalina.core.ApplicationContext.log ContextListener: attributeAdded('StockTicker', 'async.Stockticker@5893d3f5')
24-Nov-2025 14:22:44.588 Ï†ïÎ≥¥ [main] org.apache.catalina.core.ApplicationContext.log SessionListener: contextDestroyed()
24-Nov-2025 14:22:44.588 Ï†ïÎ≥¥ [main] org.apache.catalina.core.ApplicationContext.log ContextListener: contextDestroyed()
24-Nov-2025 14:22:44.593 Ï†ïÎ≥¥ [main] org.apache.catalina.core.ApplicationContext.log Destroying Spring FrameworkServlet 'mycompany'
24-Nov-2025 14:22:44.595 Ï†ïÎ≥¥ [main] org.apache.catalina.core.ApplicationContext.log Closing Spring root WebApplicationContext
24-Nov-2025 14:22:44.928 Ï†ïÎ≥¥ [main] org.apache.catalina.core.ApplicationContext.log Shutting down log4j
24-Nov-2025 14:23:07.232 Ï†ïÎ≥¥ [main] org.apache.catalina.core.ApplicationContext.log No Spring WebApplicationInitializer types detected on classpath
24-Nov-2025 14:23:07.272 Ï†ïÎ≥¥ [main] org.apache.catalina.core.ApplicationContext.log Set web app root system property: 'site.root' = [C:\AITEST\tomcat-9.0.104\webapps\mycompany\]
24-Nov-2025 14:23:07.365 Ï†ïÎ≥¥ [main] org.apache.catalina.core.ApplicationContext.log Initializing log4j from [C:\AITEST\tomcat-9.0.104\webapps\mycompany\WEB-INF\log4j.xml]
24-Nov-2025 14:23:07.547 Ï†ïÎ≥¥ [main] org.apache.catalina.core.ApplicationContext.log Initializing Spring root WebApplicationContext
24-Nov-2025 14:23:30.557 Ï†ïÎ≥¥ [main] org.apache.catalina.core.ApplicationContext.log Initializing Spring FrameworkServlet 'mycompany'
24-Nov-2025 14:23:34.441 Ï†ïÎ≥¥ [main] org.apache.catalina.core.ApplicationContext.log ContextListener: contextInitialized()
24-Nov-2025 14:23:34.441 Ï†ïÎ≥¥ [main] org.apache.catalina.core.ApplicationContext.log SessionListener: contextInitialized()
24-Nov-2025 14:23:34.446 Ï†ïÎ≥¥ [main] org.apache.catalina.core.ApplicationContext.log ContextListener: attributeAdded('StockTicker', 'async.Stockticker@21e05b35')
24-Nov-2025 14:33:03.669 Ï†ïÎ≥¥ [main] org.apache.catalina.core.ApplicationContext.log SessionListener: contextDestroyed()
24-Nov-2025 14:33:03.669 Ï†ïÎ≥¥ [main] org.apache.catalina.core.ApplicationContext.log ContextListener: contextDestroyed()
24-Nov-2025 14:33:03.678 Ï†ïÎ≥¥ [main] org.apache.catalina.core.ApplicationContext.log Destroying Spring FrameworkServlet 'mycompany'
24-Nov-2025 14:33:03.680 Ï†ïÎ≥¥ [main] org.apache.catalina.core.ApplicationContext.log Closing Spring root WebApplicationContext
24-Nov-2025 14:33:04.117 Ï†ïÎ≥¥ [main] org.apache.catalina.core.ApplicationContext.log Shutting down log4j
24-Nov-2025 14:33:23.398 ¡§∫∏ [main] org.apache.catalina.core.ApplicationContext.log No Spring WebApplicationInitializer types detected on classpath
24-Nov-2025 14:33:23.435 ¡§∫∏ [main] org.apache.catalina.core.ApplicationContext.log Set web app root system property: 'site.root' = [C:\AITEST\tomcat-9.0.104\webapps\mycompany\]
24-Nov-2025 14:33:23.518 ¡§∫∏ [main] org.apache.catalina.core.ApplicationContext.log Initializing log4j from [C:\AITEST\tomcat-9.0.104\webapps\mycompany\WEB-INF\log4j.xml]
24-Nov-2025 14:33:23.680 ¡§∫∏ [main] org.apache.catalina.core.ApplicationContext.log Initializing Spring root WebApplicationContext
24-Nov-2025 14:33:44.073 ¡§∫∏ [main] org.apache.catalina.core.ApplicationContext.log Initializing Spring FrameworkServlet 'mycompany'
24-Nov-2025 14:33:47.778 ¡§∫∏ [main] org.apache.catalina.core.ApplicationContext.log ContextListener: contextInitialized()
24-Nov-2025 14:33:47.778 ¡§∫∏ [main] org.apache.catalina.core.ApplicationContext.log SessionListener: contextInitialized()
24-Nov-2025 14:33:47.782 ¡§∫∏ [main] org.apache.catalina.core.ApplicationContext.log ContextListener: attributeAdded('StockTicker', 'async.Stockticker@5c87b484')
24-Nov-2025 16:49:57.900 ¡§∫∏ [main] org.apache.catalina.core.ApplicationContext.log No Spring WebApplicationInitializer types detected on classpath
24-Nov-2025 16:49:57.925 ¡§∫∏ [main] org.apache.catalina.core.ApplicationContext.log Set web app root system property: 'site.root' = [C:\AITEST\tomcat-9.0.104\webapps\mycompany\]
24-Nov-2025 16:49:57.975 ¡§∫∏ [main] org.apache.catalina.core.ApplicationContext.log Initializing log4j from [C:\AITEST\tomcat-9.0.104\webapps\mycompany\WEB-INF\log4j.xml]
24-Nov-2025 16:49:58.059 ¡§∫∏ [main] org.apache.catalina.core.ApplicationContext.log Initializing Spring root WebApplicationContext
24-Nov-2025 16:50:10.706 ¡§∫∏ [main] org.apache.catalina.core.ApplicationContext.log Initializing Spring FrameworkServlet 'mycompany'
24-Nov-2025 16:50:12.867 ¡§∫∏ [main] org.apache.catalina.core.ApplicationContext.log ContextListener: contextInitialized()
24-Nov-2025 16:50:12.867 ¡§∫∏ [main] org.apache.catalina.core.ApplicationContext.log SessionListener: contextInitialized()
24-Nov-2025 16:50:12.869 ¡§∫∏ [main] org.apache.catalina.core.ApplicationContext.log ContextListener: attributeAdded('StockTicker', 'async.Stockticker@195f5b35')
24-Nov-2025 17:22:34.988 ¡§∫∏ [main] org.apache.catalina.core.ApplicationContext.log SessionListener: contextDestroyed()
24-Nov-2025 17:22:34.988 ¡§∫∏ [main] org.apache.catalina.core.ApplicationContext.log ContextListener: contextDestroyed()
24-Nov-2025 17:22:34.993 ¡§∫∏ [main] org.apache.catalina.core.ApplicationContext.log Destroying Spring FrameworkServlet 'mycompany'
24-Nov-2025 17:22:34.995 ¡§∫∏ [main] org.apache.catalina.core.ApplicationContext.log Closing Spring root WebApplicationContext
24-Nov-2025 17:22:35.336 ¡§∫∏ [main] org.apache.catalina.core.ApplicationContext.log Shutting down log4j
24-Nov-2025 17:23:44.722 ¡§∫∏ [main] org.apache.catalina.core.ApplicationContext.log No Spring WebApplicationInitializer types detected on classpath
24-Nov-2025 17:23:44.747 ¡§∫∏ [main] org.apache.catalina.core.ApplicationContext.log Set web app root system property: 'site.root' = [C:\AITEST\tomcat-9.0.104\webapps\mycompany\]
24-Nov-2025 17:23:44.791 ¡§∫∏ [main] org.apache.catalina.core.ApplicationContext.log Initializing log4j from [C:\AITEST\tomcat-9.0.104\webapps\mycompany\WEB-INF\log4j.xml]
24-Nov-2025 17:23:44.887 ¡§∫∏ [main] org.apache.catalina.core.ApplicationContext.log Initializing Spring root WebApplicationContext
24-Nov-2025 17:24:02.778 ¡§∫∏ [main] org.apache.catalina.core.ApplicationContext.log Initializing Spring FrameworkServlet 'mycompany'
24-Nov-2025 17:24:06.158 ¡§∫∏ [main] org.apache.catalina.core.ApplicationContext.log ContextListener: contextInitialized()
24-Nov-2025 17:24:06.158 ¡§∫∏ [main] org.apache.catalina.core.ApplicationContext.log SessionListener: contextInitialized()
24-Nov-2025 17:24:06.164 ¡§∫∏ [main] org.apache.catalina.core.ApplicationContext.log ContextListener: attributeAdded('StockTicker', 'async.Stockticker@1b3229a5')
