01-Dec-2025 11:39:11.169 정보 [main] org.apache.catalina.core.ApplicationContext.log SessionListener: contextDestroyed()
01-Dec-2025 11:39:11.169 정보 [main] org.apache.catalina.core.ApplicationContext.log ContextListener: contextDestroyed()
01-Dec-2025 11:39:11.714 정보 [main] org.apache.catalina.core.ApplicationContext.log Destroying Spring FrameworkServlet 'mycompany'
01-Dec-2025 11:39:11.728 정보 [main] org.apache.catalina.core.ApplicationContext.log Closing Spring root WebApplicationContext
01-Dec-2025 11:39:12.090 정보 [main] org.apache.catalina.core.ApplicationContext.log Shutting down log4j
01-Dec-2025 11:39:32.612 정보 [main] org.apache.catalina.core.ApplicationContext.log No Spring WebApplicationInitializer types detected on classpath
01-Dec-2025 11:39:32.631 정보 [main] org.apache.catalina.core.ApplicationContext.log Set web app root system property: 'site.root' = [C:\AITEST\tomcat-9.0.104\webapps\mycompany\]
01-Dec-2025 11:39:32.696 정보 [main] org.apache.catalina.core.ApplicationContext.log Initializing log4j from [C:\AITEST\tomcat-9.0.104\webapps\mycompany\WEB-INF\log4j.xml]
01-Dec-2025 11:39:32.793 정보 [main] org.apache.catalina.core.ApplicationContext.log Initializing Spring root WebApplicationContext
01-Dec-2025 11:39:45.452 정보 [main] org.apache.catalina.core.ApplicationContext.log Initializing Spring FrameworkServlet 'mycompany'
01-Dec-2025 11:39:47.681 정보 [main] org.apache.catalina.core.ApplicationContext.log ContextListener: contextInitialized()
01-Dec-2025 11:39:47.681 정보 [main] org.apache.catalina.core.ApplicationContext.log SessionListener: contextInitialized()
01-Dec-2025 11:39:47.686 정보 [main] org.apache.catalina.core.ApplicationContext.log ContextListener: attributeAdded('StockTicker', 'async.Stockticker@65fc9346')
01-Dec-2025 12:05:52.234 정보 [main] org.apache.catalina.core.ApplicationContext.log SessionListener: contextDestroyed()
01-Dec-2025 12:05:52.234 정보 [main] org.apache.catalina.core.ApplicationContext.log ContextListener: contextDestroyed()
01-Dec-2025 12:05:52.894 정보 [main] org.apache.catalina.core.ApplicationContext.log Destroying Spring FrameworkServlet 'mycompany'
01-Dec-2025 12:05:52.897 정보 [main] org.apache.catalina.core.ApplicationContext.log Closing Spring root WebApplicationContext
01-Dec-2025 12:06:03.554 정보 [main] org.apache.catalina.core.ApplicationContext.log Shutting down log4j
01-Dec-2025 12:06:22.538 정보 [main] org.apache.catalina.core.ApplicationContext.log No Spring WebApplicationInitializer types detected on classpath
01-Dec-2025 12:06:22.558 정보 [main] org.apache.catalina.core.ApplicationContext.log Set web app root system property: 'site.root' = [C:\AITEST\tomcat-9.0.104\webapps\mycompany\]
01-Dec-2025 12:06:22.618 정보 [main] org.apache.catalina.core.ApplicationContext.log Initializing log4j from [C:\AITEST\tomcat-9.0.104\webapps\mycompany\WEB-INF\log4j.xml]
01-Dec-2025 12:06:22.707 정보 [main] org.apache.catalina.core.ApplicationContext.log Initializing Spring root WebApplicationContext
01-Dec-2025 12:06:34.731 정보 [main] org.apache.catalina.core.ApplicationContext.log Initializing Spring FrameworkServlet 'mycompany'
01-Dec-2025 12:06:36.919 정보 [main] org.apache.catalina.core.ApplicationContext.log ContextListener: contextInitialized()
01-Dec-2025 12:06:36.920 정보 [main] org.apache.catalina.core.ApplicationContext.log SessionListener: contextInitialized()
01-Dec-2025 12:06:36.922 정보 [main] org.apache.catalina.core.ApplicationContext.log ContextListener: attributeAdded('StockTicker', 'async.Stockticker@3926be58')
01-Dec-2025 14:09:56.030 정보 [main] org.apache.catalina.core.ApplicationContext.log SessionListener: contextDestroyed()
01-Dec-2025 14:09:56.031 정보 [main] org.apache.catalina.core.ApplicationContext.log ContextListener: contextDestroyed()
01-Dec-2025 14:09:56.678 정보 [main] org.apache.catalina.core.ApplicationContext.log Destroying Spring FrameworkServlet 'mycompany'
01-Dec-2025 14:09:56.698 정보 [main] org.apache.catalina.core.ApplicationContext.log Closing Spring root WebApplicationContext
01-Dec-2025 14:09:56.982 정보 [main] org.apache.catalina.core.ApplicationContext.log Shutting down log4j
01-Dec-2025 14:14:12.681 정보 [main] org.apache.catalina.core.ApplicationContext.log No Spring WebApplicationInitializer types detected on classpath
01-Dec-2025 14:14:12.710 정보 [main] org.apache.catalina.core.ApplicationContext.log Set web app root system property: 'site.root' = [C:\AITEST\tomcat-9.0.104\webapps\mycompany\]
01-Dec-2025 14:14:12.755 정보 [main] org.apache.catalina.core.ApplicationContext.log Initializing log4j from [C:\AITEST\tomcat-9.0.104\webapps\mycompany\WEB-INF\log4j.xml]
01-Dec-2025 14:14:12.854 정보 [main] org.apache.catalina.core.ApplicationContext.log Initializing Spring root WebApplicationContext
01-Dec-2025 14:14:27.421 정보 [main] org.apache.catalina.core.ApplicationContext.log Initializing Spring FrameworkServlet 'mycompany'
01-Dec-2025 14:14:30.279 정보 [main] org.apache.catalina.core.ApplicationContext.log ContextListener: contextInitialized()
01-Dec-2025 14:14:30.279 정보 [main] org.apache.catalina.core.ApplicationContext.log SessionListener: contextInitialized()
01-Dec-2025 14:14:30.282 정보 [main] org.apache.catalina.core.ApplicationContext.log ContextListener: attributeAdded('StockTicker', 'async.Stockticker@10622e6b')
01-Dec-2025 16:52:01.998 정보 [main] org.apache.catalina.core.ApplicationContext.log SessionListener: contextDestroyed()
01-Dec-2025 16:52:01.998 정보 [main] org.apache.catalina.core.ApplicationContext.log ContextListener: contextDestroyed()
01-Dec-2025 16:52:02.003 정보 [main] org.apache.catalina.core.ApplicationContext.log Destroying Spring FrameworkServlet 'mycompany'
01-Dec-2025 16:52:02.013 정보 [main] org.apache.catalina.core.ApplicationContext.log Closing Spring root WebApplicationContext
01-Dec-2025 16:52:02.443 정보 [main] org.apache.catalina.core.ApplicationContext.log Shutting down log4j
01-Dec-2025 16:52:22.082 정보 [main] org.apache.catalina.core.ApplicationContext.log No Spring WebApplicationInitializer types detected on classpath
01-Dec-2025 16:52:22.103 정보 [main] org.apache.catalina.core.ApplicationContext.log Set web app root system property: 'site.root' = [C:\AITEST\tomcat-9.0.104\webapps\mycompany\]
01-Dec-2025 16:52:22.140 정보 [main] org.apache.catalina.core.ApplicationContext.log Initializing log4j from [C:\AITEST\tomcat-9.0.104\webapps\mycompany\WEB-INF\log4j.xml]
01-Dec-2025 16:52:22.237 정보 [main] org.apache.catalina.core.ApplicationContext.log Initializing Spring root WebApplicationContext
01-Dec-2025 16:52:35.266 정보 [main] org.apache.catalina.core.ApplicationContext.log Initializing Spring FrameworkServlet 'mycompany'
01-Dec-2025 16:52:37.430 정보 [main] org.apache.catalina.core.ApplicationContext.log ContextListener: contextInitialized()
01-Dec-2025 16:52:37.430 정보 [main] org.apache.catalina.core.ApplicationContext.log SessionListener: contextInitialized()
01-Dec-2025 16:52:37.433 정보 [main] org.apache.catalina.core.ApplicationContext.log ContextListener: attributeAdded('StockTicker', 'async.Stockticker@33d773c1')
01-Dec-2025 17:42:55.344 정보 [main] org.apache.catalina.core.ApplicationContext.log SessionListener: contextDestroyed()
01-Dec-2025 17:42:55.344 정보 [main] org.apache.catalina.core.ApplicationContext.log ContextListener: contextDestroyed()
01-Dec-2025 17:42:55.347 정보 [main] org.apache.catalina.core.ApplicationContext.log Destroying Spring FrameworkServlet 'mycompany'
01-Dec-2025 17:42:55.351 정보 [main] org.apache.catalina.core.ApplicationContext.log Closing Spring root WebApplicationContext
01-Dec-2025 17:42:55.763 정보 [main] org.apache.catalina.core.ApplicationContext.log Shutting down log4j
01-Dec-2025 17:43:35.252 정보 [main] org.apache.catalina.core.ApplicationContext.log No Spring WebApplicationInitializer types detected on classpath
01-Dec-2025 17:43:35.279 정보 [main] org.apache.catalina.core.ApplicationContext.log Set web app root system property: 'site.root' = [C:\AITEST\tomcat-9.0.104\webapps\mycompany\]
01-Dec-2025 17:43:35.318 정보 [main] org.apache.catalina.core.ApplicationContext.log Initializing log4j from [C:\AITEST\tomcat-9.0.104\webapps\mycompany\WEB-INF\log4j.xml]
01-Dec-2025 17:43:35.431 정보 [main] org.apache.catalina.core.ApplicationContext.log Initializing Spring root WebApplicationContext
01-Dec-2025 17:43:42.739 심각 [main] org.apache.catalina.core.StandardContext.listenerStart Context initialized 이벤트를 [org.broadleafcommerce.common.web.extensibility.MergeContextLoaderListener] 클래스의 인스턴스인 리스너에 전송하는 동안 예외 발생
	org.springframework.beans.factory.BeanCreationException: Error creating bean with name 'entityManagerFactory' defined in resource loaded from byte array: Invocation of init method failed; nested exception is javax.persistence.PersistenceException: [PersistenceUnit: blPU] Unable to build EntityManagerFactory
		at org.springframework.beans.factory.support.AbstractAutowireCapableBeanFactory.initializeBean(AbstractAutowireCapableBeanFactory.java:1512)
		at org.springframework.beans.factory.support.AbstractAutowireCapableBeanFactory.doCreateBean(AbstractAutowireCapableBeanFactory.java:521)
		at org.springframework.beans.factory.support.AbstractAutowireCapableBeanFactory.createBean(AbstractAutowireCapableBeanFactory.java:458)
		at org.springframework.beans.factory.support.AbstractBeanFactory$1.getObject(AbstractBeanFactory.java:296)
		at org.springframework.beans.factory.support.DefaultSingletonBeanRegistry.getSingleton(DefaultSingletonBeanRegistry.java:223)
		at org.springframework.beans.factory.support.AbstractBeanFactory.doGetBean(AbstractBeanFactory.java:293)
		at org.springframework.beans.factory.support.AbstractBeanFactory.getBean(AbstractBeanFactory.java:194)
		at org.springframework.context.support.AbstractApplicationContext.getBean(AbstractApplicationContext.java:1117)
		at org.springframework.context.support.AbstractApplicationContext.finishBeanFactoryInitialization(AbstractApplicationContext.java:922)
		at org.springframework.context.support.AbstractApplicationContext.refresh(AbstractApplicationContext.java:479)
		at org.springframework.web.context.ContextLoader.configureAndRefreshWebApplicationContext(ContextLoader.java:410)
		at org.springframework.web.context.ContextLoader.initWebApplicationContext(ContextLoader.java:306)
		at org.springframework.web.context.ContextLoaderListener.contextInitialized(ContextLoaderListener.java:112)
		at org.broadleafcommerce.common.web.extensibility.MergeContextLoaderListener.contextInitialized(MergeContextLoaderListener.java:50)
		at org.apache.catalina.core.StandardContext.listenerStart(StandardContext.java:4059)
		at org.apache.catalina.core.StandardContext.startInternal(StandardContext.java:4501)
		at org.apache.catalina.util.LifecycleBase.start(LifecycleBase.java:164)
		at org.apache.catalina.core.ContainerBase.addChildInternal(ContainerBase.java:599)
		at org.apache.catalina.core.ContainerBase.addChild(ContainerBase.java:571)
		at org.apache.catalina.core.StandardHost.addChild(StandardHost.java:603)
		at org.apache.catalina.startup.HostConfig.deployWAR(HostConfig.java:1012)
		at org.apache.catalina.startup.HostConfig$DeployWar.run(HostConfig.java:1860)
		at java.util.concurrent.Executors$RunnableAdapter.call(Executors.java:511)
		at java.util.concurrent.FutureTask.run(FutureTask.java:266)
		at org.apache.tomcat.util.threads.InlineExecutorService.execute(InlineExecutorService.java:76)
		at java.util.concurrent.AbstractExecutorService.submit(AbstractExecutorService.java:112)
		at org.apache.catalina.startup.HostConfig.deployWARs(HostConfig.java:817)
		at org.apache.catalina.startup.HostConfig.deployApps(HostConfig.java:468)
		at org.apache.catalina.startup.HostConfig.start(HostConfig.java:1578)
		at org.apache.catalina.startup.HostConfig.lifecycleEvent(HostConfig.java:312)
		at org.apache.catalina.util.LifecycleBase.fireLifecycleEvent(LifecycleBase.java:109)
		at org.apache.catalina.util.LifecycleBase.setStateInternal(LifecycleBase.java:389)
		at org.apache.catalina.util.LifecycleBase.setState(LifecycleBase.java:336)
		at org.apache.catalina.core.ContainerBase.startInternal(ContainerBase.java:776)
		at org.apache.catalina.core.StandardHost.startInternal(StandardHost.java:721)
		at org.apache.catalina.util.LifecycleBase.start(LifecycleBase.java:164)
		at org.apache.catalina.core.ContainerBase$StartChild.call(ContainerBase.java:1203)
		at org.apache.catalina.core.ContainerBase$StartChild.call(ContainerBase.java:1193)
		at java.util.concurrent.FutureTask.run(FutureTask.java:266)
		at org.apache.tomcat.util.threads.InlineExecutorService.execute(InlineExecutorService.java:76)
		at java.util.concurrent.AbstractExecutorService.submit(AbstractExecutorService.java:134)
		at org.apache.catalina.core.ContainerBase.startInternal(ContainerBase.java:749)
		at org.apache.catalina.core.StandardEngine.startInternal(StandardEngine.java:211)
		at org.apache.catalina.util.LifecycleBase.start(LifecycleBase.java:164)
		at org.apache.catalina.core.StandardService.startInternal(StandardService.java:412)
		at org.apache.catalina.util.LifecycleBase.start(LifecycleBase.java:164)
		at org.apache.catalina.core.StandardServer.startInternal(StandardServer.java:874)
		at org.apache.catalina.util.LifecycleBase.start(LifecycleBase.java:164)
		at org.apache.catalina.startup.Catalina.start(Catalina.java:739)
		at sun.reflect.NativeMethodAccessorImpl.invoke0(Native Method)
		at sun.reflect.NativeMethodAccessorImpl.invoke(NativeMethodAccessorImpl.java:62)
		at sun.reflect.DelegatingMethodAccessorImpl.invoke(DelegatingMethodAccessorImpl.java:43)
		at java.lang.reflect.Method.invoke(Method.java:498)
		at org.springsource.loaded.ri.ReflectiveInterceptor.jlrMethodInvoke(ReflectiveInterceptor.java:1427)
		at org.apache.catalina.startup.Bootstrap.start(Bootstrap.java:345)
		at org.apache.catalina.startup.Bootstrap.main(Bootstrap.java:476)
	Caused by: javax.persistence.PersistenceException: [PersistenceUnit: blPU] Unable to build EntityManagerFactory
		at org.hibernate.ejb.Ejb3Configuration.buildEntityManagerFactory(Ejb3Configuration.java:915)
		at org.hibernate.ejb.Ejb3Configuration.buildEntityManagerFactory(Ejb3Configuration.java:890)
		at org.hibernate.ejb.HibernatePersistence.createContainerEntityManagerFactory(HibernatePersistence.java:74)
		at org.springframework.orm.jpa.LocalContainerEntityManagerFactoryBean.createNativeEntityManagerFactory(LocalContainerEntityManagerFactoryBean.java:290)
		at org.springframework.orm.jpa.AbstractEntityManagerFactoryBean.afterPropertiesSet(AbstractEntityManagerFactoryBean.java:310)
		at org.springframework.beans.factory.support.AbstractAutowireCapableBeanFactory.invokeInitMethods(AbstractAutowireCapableBeanFactory.java:1571)
		at org.springframework.beans.factory.support.AbstractAutowireCapableBeanFactory.initializeBean(AbstractAutowireCapableBeanFactory.java:1509)
		... 55 more
	Caused by: org.hibernate.HibernateException: Missing table: BLC_ADDITIONAL_OFFER_INFO
		at org.hibernate.cfg.Configuration.validateSchema(Configuration.java:1261)
		at org.hibernate.tool.hbm2ddl.SchemaValidator.validate(SchemaValidator.java:155)
		at org.hibernate.internal.SessionFactoryImpl.<init>(SessionFactoryImpl.java:506)
		at org.hibernate.cfg.Configuration.buildSessionFactory(Configuration.java:1742)
		at org.hibernate.ejb.EntityManagerFactoryImpl.<init>(EntityManagerFactoryImpl.java:94)
		at org.hibernate.ejb.Ejb3Configuration.buildEntityManagerFactory(Ejb3Configuration.java:905)
		... 61 more
01-Dec-2025 17:43:42.751 정보 [main] org.apache.catalina.core.ApplicationContext.log Closing Spring root WebApplicationContext
01-Dec-2025 17:43:42.772 정보 [main] org.apache.catalina.core.ApplicationContext.log Shutting down log4j
01-Dec-2025 17:43:43.713 정보 [main] org.apache.catalina.core.ApplicationContext.log ContextListener: contextInitialized()
01-Dec-2025 17:43:43.713 정보 [main] org.apache.catalina.core.ApplicationContext.log SessionListener: contextInitialized()
01-Dec-2025 17:43:43.715 정보 [main] org.apache.catalina.core.ApplicationContext.log ContextListener: attributeAdded('StockTicker', 'async.Stockticker@430c04a6')
01-Dec-2025 17:49:52.760 정보 [main] org.apache.catalina.core.ApplicationContext.log No Spring WebApplicationInitializer types detected on classpath
01-Dec-2025 17:49:52.787 정보 [main] org.apache.catalina.core.ApplicationContext.log Set web app root system property: 'site.root' = [C:\AITEST\tomcat-9.0.104\webapps\mycompany\]
01-Dec-2025 17:49:52.835 정보 [main] org.apache.catalina.core.ApplicationContext.log Initializing log4j from [C:\AITEST\tomcat-9.0.104\webapps\mycompany\WEB-INF\log4j.xml]
01-Dec-2025 17:49:52.931 정보 [main] org.apache.catalina.core.ApplicationContext.log Initializing Spring root WebApplicationContext
01-Dec-2025 17:50:00.592 심각 [main] org.apache.catalina.core.StandardContext.listenerStart Context initialized 이벤트를 [org.broadleafcommerce.common.web.extensibility.MergeContextLoaderListener] 클래스의 인스턴스인 리스너에 전송하는 동안 예외 발생
	org.springframework.beans.factory.BeanCreationException: Error creating bean with name 'entityManagerFactory' defined in resource loaded from byte array: Invocation of init method failed; nested exception is javax.persistence.PersistenceException: [PersistenceUnit: blPU] Unable to build EntityManagerFactory
		at org.springframework.beans.factory.support.AbstractAutowireCapableBeanFactory.initializeBean(AbstractAutowireCapableBeanFactory.java:1512)
		at org.springframework.beans.factory.support.AbstractAutowireCapableBeanFactory.doCreateBean(AbstractAutowireCapableBeanFactory.java:521)
		at org.springframework.beans.factory.support.AbstractAutowireCapableBeanFactory.createBean(AbstractAutowireCapableBeanFactory.java:458)
		at org.springframework.beans.factory.support.AbstractBeanFactory$1.getObject(AbstractBeanFactory.java:296)
		at org.springframework.beans.factory.support.DefaultSingletonBeanRegistry.getSingleton(DefaultSingletonBeanRegistry.java:223)
		at org.springframework.beans.factory.support.AbstractBeanFactory.doGetBean(AbstractBeanFactory.java:293)
		at org.springframework.beans.factory.support.AbstractBeanFactory.getBean(AbstractBeanFactory.java:194)
		at org.springframework.context.support.AbstractApplicationContext.getBean(AbstractApplicationContext.java:1117)
		at org.springframework.context.support.AbstractApplicationContext.finishBeanFactoryInitialization(AbstractApplicationContext.java:922)
		at org.springframework.context.support.AbstractApplicationContext.refresh(AbstractApplicationContext.java:479)
		at org.springframework.web.context.ContextLoader.configureAndRefreshWebApplicationContext(ContextLoader.java:410)
		at org.springframework.web.context.ContextLoader.initWebApplicationContext(ContextLoader.java:306)
		at org.springframework.web.context.ContextLoaderListener.contextInitialized(ContextLoaderListener.java:112)
		at org.broadleafcommerce.common.web.extensibility.MergeContextLoaderListener.contextInitialized(MergeContextLoaderListener.java:50)
		at org.apache.catalina.core.StandardContext.listenerStart(StandardContext.java:4059)
		at org.apache.catalina.core.StandardContext.startInternal(StandardContext.java:4501)
		at org.apache.catalina.util.LifecycleBase.start(LifecycleBase.java:164)
		at org.apache.catalina.core.ContainerBase.addChildInternal(ContainerBase.java:599)
		at org.apache.catalina.core.ContainerBase.addChild(ContainerBase.java:571)
		at org.apache.catalina.core.StandardHost.addChild(StandardHost.java:603)
		at org.apache.catalina.startup.HostConfig.deployWAR(HostConfig.java:1012)
		at org.apache.catalina.startup.HostConfig$DeployWar.run(HostConfig.java:1860)
		at java.util.concurrent.Executors$RunnableAdapter.call(Executors.java:511)
		at java.util.concurrent.FutureTask.run(FutureTask.java:266)
		at org.apache.tomcat.util.threads.InlineExecutorService.execute(InlineExecutorService.java:76)
		at java.util.concurrent.AbstractExecutorService.submit(AbstractExecutorService.java:112)
		at org.apache.catalina.startup.HostConfig.deployWARs(HostConfig.java:817)
		at org.apache.catalina.startup.HostConfig.deployApps(HostConfig.java:468)
		at org.apache.catalina.startup.HostConfig.start(HostConfig.java:1578)
		at org.apache.catalina.startup.HostConfig.lifecycleEvent(HostConfig.java:312)
		at org.apache.catalina.util.LifecycleBase.fireLifecycleEvent(LifecycleBase.java:109)
		at org.apache.catalina.util.LifecycleBase.setStateInternal(LifecycleBase.java:389)
		at org.apache.catalina.util.LifecycleBase.setState(LifecycleBase.java:336)
		at org.apache.catalina.core.ContainerBase.startInternal(ContainerBase.java:776)
		at org.apache.catalina.core.StandardHost.startInternal(StandardHost.java:721)
		at org.apache.catalina.util.LifecycleBase.start(LifecycleBase.java:164)
		at org.apache.catalina.core.ContainerBase$StartChild.call(ContainerBase.java:1203)
		at org.apache.catalina.core.ContainerBase$StartChild.call(ContainerBase.java:1193)
		at java.util.concurrent.FutureTask.run(FutureTask.java:266)
		at org.apache.tomcat.util.threads.InlineExecutorService.execute(InlineExecutorService.java:76)
		at java.util.concurrent.AbstractExecutorService.submit(AbstractExecutorService.java:134)
		at org.apache.catalina.core.ContainerBase.startInternal(ContainerBase.java:749)
		at org.apache.catalina.core.StandardEngine.startInternal(StandardEngine.java:211)
		at org.apache.catalina.util.LifecycleBase.start(LifecycleBase.java:164)
		at org.apache.catalina.core.StandardService.startInternal(StandardService.java:412)
		at org.apache.catalina.util.LifecycleBase.start(LifecycleBase.java:164)
		at org.apache.catalina.core.StandardServer.startInternal(StandardServer.java:874)
		at org.apache.catalina.util.LifecycleBase.start(LifecycleBase.java:164)
		at org.apache.catalina.startup.Catalina.start(Catalina.java:739)
		at sun.reflect.NativeMethodAccessorImpl.invoke0(Native Method)
		at sun.reflect.NativeMethodAccessorImpl.invoke(NativeMethodAccessorImpl.java:62)
		at sun.reflect.DelegatingMethodAccessorImpl.invoke(DelegatingMethodAccessorImpl.java:43)
		at java.lang.reflect.Method.invoke(Method.java:498)
		at org.springsource.loaded.ri.ReflectiveInterceptor.jlrMethodInvoke(ReflectiveInterceptor.java:1427)
		at org.apache.catalina.startup.Bootstrap.start(Bootstrap.java:345)
		at org.apache.catalina.startup.Bootstrap.main(Bootstrap.java:476)
	Caused by: javax.persistence.PersistenceException: [PersistenceUnit: blPU] Unable to build EntityManagerFactory
		at org.hibernate.ejb.Ejb3Configuration.buildEntityManagerFactory(Ejb3Configuration.java:915)
		at org.hibernate.ejb.Ejb3Configuration.buildEntityManagerFactory(Ejb3Configuration.java:890)
		at org.hibernate.ejb.HibernatePersistence.createContainerEntityManagerFactory(HibernatePersistence.java:74)
		at org.springframework.orm.jpa.LocalContainerEntityManagerFactoryBean.createNativeEntityManagerFactory(LocalContainerEntityManagerFactoryBean.java:290)
		at org.springframework.orm.jpa.AbstractEntityManagerFactoryBean.afterPropertiesSet(AbstractEntityManagerFactoryBean.java:310)
		at org.springframework.beans.factory.support.AbstractAutowireCapableBeanFactory.invokeInitMethods(AbstractAutowireCapableBeanFactory.java:1571)
		at org.springframework.beans.factory.support.AbstractAutowireCapableBeanFactory.initializeBean(AbstractAutowireCapableBeanFactory.java:1509)
		... 55 more
	Caused by: org.hibernate.HibernateException: Missing table: BLC_ADDITIONAL_OFFER_INFO
		at org.hibernate.cfg.Configuration.validateSchema(Configuration.java:1261)
		at org.hibernate.tool.hbm2ddl.SchemaValidator.validate(SchemaValidator.java:155)
		at org.hibernate.internal.SessionFactoryImpl.<init>(SessionFactoryImpl.java:506)
		at org.hibernate.cfg.Configuration.buildSessionFactory(Configuration.java:1742)
		at org.hibernate.ejb.EntityManagerFactoryImpl.<init>(EntityManagerFactoryImpl.java:94)
		at org.hibernate.ejb.Ejb3Configuration.buildEntityManagerFactory(Ejb3Configuration.java:905)
		... 61 more
01-Dec-2025 17:50:00.606 정보 [main] org.apache.catalina.core.ApplicationContext.log Closing Spring root WebApplicationContext
01-Dec-2025 17:50:00.631 정보 [main] org.apache.catalina.core.ApplicationContext.log Shutting down log4j
01-Dec-2025 17:50:01.578 정보 [main] org.apache.catalina.core.ApplicationContext.log ContextListener: contextInitialized()
01-Dec-2025 17:50:01.578 정보 [main] org.apache.catalina.core.ApplicationContext.log SessionListener: contextInitialized()
01-Dec-2025 17:50:01.580 정보 [main] org.apache.catalina.core.ApplicationContext.log ContextListener: attributeAdded('StockTicker', 'async.Stockticker@22c2667c')
01-Dec-2025 17:53:54.920 정보 [main] org.apache.catalina.core.ApplicationContext.log No Spring WebApplicationInitializer types detected on classpath
01-Dec-2025 17:53:54.942 정보 [main] org.apache.catalina.core.ApplicationContext.log Set web app root system property: 'site.root' = [C:\AITEST\tomcat-9.0.104\webapps\mycompany\]
01-Dec-2025 17:53:54.980 정보 [main] org.apache.catalina.core.ApplicationContext.log Initializing log4j from [C:\AITEST\tomcat-9.0.104\webapps\mycompany\WEB-INF\log4j.xml]
01-Dec-2025 17:53:55.074 정보 [main] org.apache.catalina.core.ApplicationContext.log Initializing Spring root WebApplicationContext
01-Dec-2025 17:54:02.712 심각 [main] org.apache.catalina.core.StandardContext.listenerStart Context initialized 이벤트를 [org.broadleafcommerce.common.web.extensibility.MergeContextLoaderListener] 클래스의 인스턴스인 리스너에 전송하는 동안 예외 발생
	org.springframework.beans.factory.BeanCreationException: Error creating bean with name 'entityManagerFactory' defined in resource loaded from byte array: Invocation of init method failed; nested exception is javax.persistence.PersistenceException: [PersistenceUnit: blPU] Unable to build EntityManagerFactory
		at org.springframework.beans.factory.support.AbstractAutowireCapableBeanFactory.initializeBean(AbstractAutowireCapableBeanFactory.java:1512)
		at org.springframework.beans.factory.support.AbstractAutowireCapableBeanFactory.doCreateBean(AbstractAutowireCapableBeanFactory.java:521)
		at org.springframework.beans.factory.support.AbstractAutowireCapableBeanFactory.createBean(AbstractAutowireCapableBeanFactory.java:458)
		at org.springframework.beans.factory.support.AbstractBeanFactory$1.getObject(AbstractBeanFactory.java:296)
		at org.springframework.beans.factory.support.DefaultSingletonBeanRegistry.getSingleton(DefaultSingletonBeanRegistry.java:223)
		at org.springframework.beans.factory.support.AbstractBeanFactory.doGetBean(AbstractBeanFactory.java:293)
		at org.springframework.beans.factory.support.AbstractBeanFactory.getBean(AbstractBeanFactory.java:194)
		at org.springframework.context.support.AbstractApplicationContext.getBean(AbstractApplicationContext.java:1117)
		at org.springframework.context.support.AbstractApplicationContext.finishBeanFactoryInitialization(AbstractApplicationContext.java:922)
		at org.springframework.context.support.AbstractApplicationContext.refresh(AbstractApplicationContext.java:479)
		at org.springframework.web.context.ContextLoader.configureAndRefreshWebApplicationContext(ContextLoader.java:410)
		at org.springframework.web.context.ContextLoader.initWebApplicationContext(ContextLoader.java:306)
		at org.springframework.web.context.ContextLoaderListener.contextInitialized(ContextLoaderListener.java:112)
		at org.broadleafcommerce.common.web.extensibility.MergeContextLoaderListener.contextInitialized(MergeContextLoaderListener.java:50)
		at org.apache.catalina.core.StandardContext.listenerStart(StandardContext.java:4059)
		at org.apache.catalina.core.StandardContext.startInternal(StandardContext.java:4501)
		at org.apache.catalina.util.LifecycleBase.start(LifecycleBase.java:164)
		at org.apache.catalina.core.ContainerBase.addChildInternal(ContainerBase.java:599)
		at org.apache.catalina.core.ContainerBase.addChild(ContainerBase.java:571)
		at org.apache.catalina.core.StandardHost.addChild(StandardHost.java:603)
		at org.apache.catalina.startup.HostConfig.deployWAR(HostConfig.java:1012)
		at org.apache.catalina.startup.HostConfig$DeployWar.run(HostConfig.java:1860)
		at java.util.concurrent.Executors$RunnableAdapter.call(Executors.java:511)
		at java.util.concurrent.FutureTask.run(FutureTask.java:266)
		at org.apache.tomcat.util.threads.InlineExecutorService.execute(InlineExecutorService.java:76)
		at java.util.concurrent.AbstractExecutorService.submit(AbstractExecutorService.java:112)
		at org.apache.catalina.startup.HostConfig.deployWARs(HostConfig.java:817)
		at org.apache.catalina.startup.HostConfig.deployApps(HostConfig.java:468)
		at org.apache.catalina.startup.HostConfig.start(HostConfig.java:1578)
		at org.apache.catalina.startup.HostConfig.lifecycleEvent(HostConfig.java:312)
		at org.apache.catalina.util.LifecycleBase.fireLifecycleEvent(LifecycleBase.java:109)
		at org.apache.catalina.util.LifecycleBase.setStateInternal(LifecycleBase.java:389)
		at org.apache.catalina.util.LifecycleBase.setState(LifecycleBase.java:336)
		at org.apache.catalina.core.ContainerBase.startInternal(ContainerBase.java:776)
		at org.apache.catalina.core.StandardHost.startInternal(StandardHost.java:721)
		at org.apache.catalina.util.LifecycleBase.start(LifecycleBase.java:164)
		at org.apache.catalina.core.ContainerBase$StartChild.call(ContainerBase.java:1203)
		at org.apache.catalina.core.ContainerBase$StartChild.call(ContainerBase.java:1193)
		at java.util.concurrent.FutureTask.run(FutureTask.java:266)
		at org.apache.tomcat.util.threads.InlineExecutorService.execute(InlineExecutorService.java:76)
		at java.util.concurrent.AbstractExecutorService.submit(AbstractExecutorService.java:134)
		at org.apache.catalina.core.ContainerBase.startInternal(ContainerBase.java:749)
		at org.apache.catalina.core.StandardEngine.startInternal(StandardEngine.java:211)
		at org.apache.catalina.util.LifecycleBase.start(LifecycleBase.java:164)
		at org.apache.catalina.core.StandardService.startInternal(StandardService.java:412)
		at org.apache.catalina.util.LifecycleBase.start(LifecycleBase.java:164)
		at org.apache.catalina.core.StandardServer.startInternal(StandardServer.java:874)
		at org.apache.catalina.util.LifecycleBase.start(LifecycleBase.java:164)
		at org.apache.catalina.startup.Catalina.start(Catalina.java:739)
		at sun.reflect.NativeMethodAccessorImpl.invoke0(Native Method)
		at sun.reflect.NativeMethodAccessorImpl.invoke(NativeMethodAccessorImpl.java:62)
		at sun.reflect.DelegatingMethodAccessorImpl.invoke(DelegatingMethodAccessorImpl.java:43)
		at java.lang.reflect.Method.invoke(Method.java:498)
		at org.springsource.loaded.ri.ReflectiveInterceptor.jlrMethodInvoke(ReflectiveInterceptor.java:1427)
		at org.apache.catalina.startup.Bootstrap.start(Bootstrap.java:345)
		at org.apache.catalina.startup.Bootstrap.main(Bootstrap.java:476)
	Caused by: javax.persistence.PersistenceException: [PersistenceUnit: blPU] Unable to build EntityManagerFactory
		at org.hibernate.ejb.Ejb3Configuration.buildEntityManagerFactory(Ejb3Configuration.java:915)
		at org.hibernate.ejb.Ejb3Configuration.buildEntityManagerFactory(Ejb3Configuration.java:890)
		at org.hibernate.ejb.HibernatePersistence.createContainerEntityManagerFactory(HibernatePersistence.java:74)
		at org.springframework.orm.jpa.LocalContainerEntityManagerFactoryBean.createNativeEntityManagerFactory(LocalContainerEntityManagerFactoryBean.java:290)
		at org.springframework.orm.jpa.AbstractEntityManagerFactoryBean.afterPropertiesSet(AbstractEntityManagerFactoryBean.java:310)
		at org.springframework.beans.factory.support.AbstractAutowireCapableBeanFactory.invokeInitMethods(AbstractAutowireCapableBeanFactory.java:1571)
		at org.springframework.beans.factory.support.AbstractAutowireCapableBeanFactory.initializeBean(AbstractAutowireCapableBeanFactory.java:1509)
		... 55 more
	Caused by: org.hibernate.HibernateException: Missing table: BLC_ADDITIONAL_OFFER_INFO
		at org.hibernate.cfg.Configuration.validateSchema(Configuration.java:1261)
		at org.hibernate.tool.hbm2ddl.SchemaValidator.validate(SchemaValidator.java:155)
		at org.hibernate.internal.SessionFactoryImpl.<init>(SessionFactoryImpl.java:506)
		at org.hibernate.cfg.Configuration.buildSessionFactory(Configuration.java:1742)
		at org.hibernate.ejb.EntityManagerFactoryImpl.<init>(EntityManagerFactoryImpl.java:94)
		at org.hibernate.ejb.Ejb3Configuration.buildEntityManagerFactory(Ejb3Configuration.java:905)
		... 61 more
01-Dec-2025 17:54:02.722 정보 [main] org.apache.catalina.core.ApplicationContext.log Closing Spring root WebApplicationContext
01-Dec-2025 17:54:02.741 정보 [main] org.apache.catalina.core.ApplicationContext.log Shutting down log4j
01-Dec-2025 17:54:03.717 정보 [main] org.apache.catalina.core.ApplicationContext.log ContextListener: contextInitialized()
01-Dec-2025 17:54:03.717 정보 [main] org.apache.catalina.core.ApplicationContext.log SessionListener: contextInitialized()
01-Dec-2025 17:54:03.720 정보 [main] org.apache.catalina.core.ApplicationContext.log ContextListener: attributeAdded('StockTicker', 'async.Stockticker@354c06c8')
