03-Dec-2025 10:19:23.530 정보 [main] org.apache.catalina.core.ApplicationContext.log ContextListener: contextInitialized()
03-Dec-2025 10:19:23.530 정보 [main] org.apache.catalina.core.ApplicationContext.log SessionListener: contextInitialized()
03-Dec-2025 10:19:23.532 정보 [main] org.apache.catalina.core.ApplicationContext.log ContextListener: attributeAdded('StockTicker', 'async.Stockticker@4248e66b')
03-Dec-2025 10:19:44.918 정보 [main] org.apache.catalina.core.ApplicationContext.log No Spring WebApplicationInitializer types detected on classpath
03-Dec-2025 10:19:44.947 정보 [main] org.apache.catalina.core.ApplicationContext.log Set web app root system property: 'site.root' = [C:\AITEST\tomcat-9.0.104\webapps\mycompany\]
03-Dec-2025 10:19:45.012 정보 [main] org.apache.catalina.core.ApplicationContext.log Initializing log4j from [C:\AITEST\tomcat-9.0.104\webapps\mycompany\WEB-INF\log4j.xml]
03-Dec-2025 10:19:45.116 정보 [main] org.apache.catalina.core.ApplicationContext.log Initializing Spring root WebApplicationContext
03-Dec-2025 10:19:52.123 심각 [main] org.apache.catalina.core.StandardContext.listenerStart Context initialized 이벤트를 [org.broadleafcommerce.common.web.extensibility.MergeContextLoaderListener] 클래스의 인스턴스인 리스너에 전송하는 동안 예외 발생
	org.springframework.beans.factory.BeanCreationException: Error creating bean with name 'entityManagerFactory' defined in resource loaded from byte array: Invocation of init method failed; nested exception is javax.persistence.PersistenceException: [PersistenceUnit: blPU] Unable to build EntityManagerFactory
		at org.springframework.beans.factory.support.AbstractAutowireCapableBeanFactory.initializeBean(AbstractAutowireCapableBeanFactory.java:1512)
		at org.springframework.beans.factory.support.AbstractAutowireCapableBeanFactory.doCreateBean(AbstractAutowireCapableBeanFactory.java:521)
		at org.springframework.beans.factory.support.AbstractAutowireCapableBeanFactory.createBean(AbstractAutowireCapableBeanFactory.java:458)
		at org.springframework.beans.factory.support.AbstractBeanFactory$1.getObject(AbstractBeanFactory.java:296)
		at org.springframework.beans.factory.support.DefaultSingletonBeanRegistry.getSingleton(DefaultSingletonBeanRegistry.java:223)
		at org.springframework.beans.factory.support.AbstractBeanFactory.doGetBean(AbstractBeanFactory.java:293)
		at org.springframework.beans.factory.support.AbstractBeanFactory.getBean(AbstractBeanFactory.java:194)
		at org.springframework.context.support.AbstractApplicationContext.getBean(AbstractApplicationContext.java:1117)
		at org.springframework.context.support.AbstractApplicationContext.finishBeanFactoryInitialization(AbstractApplicationContext.java:922)
		at org.springframework.context.support.AbstractApplicationContext.refresh(AbstractApplicationContext.java:479)
		at org.springframework.web.context.ContextLoader.configureAndRefreshWebApplicationContext(ContextLoader.java:410)
		at org.springframework.web.context.ContextLoader.initWebApplicationContext(ContextLoader.java:306)
		at org.springframework.web.context.ContextLoaderListener.contextInitialized(ContextLoaderListener.java:112)
		at org.broadleafcommerce.common.web.extensibility.MergeContextLoaderListener.contextInitialized(MergeContextLoaderListener.java:50)
		at org.apache.catalina.core.StandardContext.listenerStart(StandardContext.java:4059)
		at org.apache.catalina.core.StandardContext.startInternal(StandardContext.java:4501)
		at org.apache.catalina.util.LifecycleBase.start(LifecycleBase.java:164)
		at org.apache.catalina.core.ContainerBase.addChildInternal(ContainerBase.java:599)
		at org.apache.catalina.core.ContainerBase.addChild(ContainerBase.java:571)
		at org.apache.catalina.core.StandardHost.addChild(StandardHost.java:603)
		at org.apache.catalina.startup.HostConfig.deployDirectory(HostConfig.java:1173)
		at org.apache.catalina.startup.HostConfig$DeployDirectory.run(HostConfig.java:1882)
		at java.util.concurrent.Executors$RunnableAdapter.call(Executors.java:511)
		at java.util.concurrent.FutureTask.run(FutureTask.java:266)
		at org.apache.tomcat.util.threads.InlineExecutorService.execute(InlineExecutorService.java:76)
		at java.util.concurrent.AbstractExecutorService.submit(AbstractExecutorService.java:112)
		at org.apache.catalina.startup.HostConfig.deployDirectories(HostConfig.java:1084)
		at org.apache.catalina.startup.HostConfig.deployApps(HostConfig.java:470)
		at org.apache.catalina.startup.HostConfig.start(HostConfig.java:1578)
		at org.apache.catalina.startup.HostConfig.lifecycleEvent(HostConfig.java:312)
		at org.apache.catalina.util.LifecycleBase.fireLifecycleEvent(LifecycleBase.java:109)
		at org.apache.catalina.util.LifecycleBase.setStateInternal(LifecycleBase.java:389)
		at org.apache.catalina.util.LifecycleBase.setState(LifecycleBase.java:336)
		at org.apache.catalina.core.ContainerBase.startInternal(ContainerBase.java:776)
		at org.apache.catalina.core.StandardHost.startInternal(StandardHost.java:721)
		at org.apache.catalina.util.LifecycleBase.start(LifecycleBase.java:164)
		at org.apache.catalina.core.ContainerBase$StartChild.call(ContainerBase.java:1203)
		at org.apache.catalina.core.ContainerBase$StartChild.call(ContainerBase.java:1193)
		at java.util.concurrent.FutureTask.run(FutureTask.java:266)
		at org.apache.tomcat.util.threads.InlineExecutorService.execute(InlineExecutorService.java:76)
		at java.util.concurrent.AbstractExecutorService.submit(AbstractExecutorService.java:134)
		at org.apache.catalina.core.ContainerBase.startInternal(ContainerBase.java:749)
		at org.apache.catalina.core.StandardEngine.startInternal(StandardEngine.java:211)
		at org.apache.catalina.util.LifecycleBase.start(LifecycleBase.java:164)
		at org.apache.catalina.core.StandardService.startInternal(StandardService.java:412)
		at org.apache.catalina.util.LifecycleBase.start(LifecycleBase.java:164)
		at org.apache.catalina.core.StandardServer.startInternal(StandardServer.java:874)
		at org.apache.catalina.util.LifecycleBase.start(LifecycleBase.java:164)
		at org.apache.catalina.startup.Catalina.start(Catalina.java:739)
		at sun.reflect.NativeMethodAccessorImpl.invoke0(Native Method)
		at sun.reflect.NativeMethodAccessorImpl.invoke(NativeMethodAccessorImpl.java:62)
		at sun.reflect.DelegatingMethodAccessorImpl.invoke(DelegatingMethodAccessorImpl.java:43)
		at java.lang.reflect.Method.invoke(Method.java:498)
		at org.springsource.loaded.ri.ReflectiveInterceptor.jlrMethodInvoke(ReflectiveInterceptor.java:1427)
		at org.apache.catalina.startup.Bootstrap.start(Bootstrap.java:345)
		at org.apache.catalina.startup.Bootstrap.main(Bootstrap.java:476)
	Caused by: javax.persistence.PersistenceException: [PersistenceUnit: blPU] Unable to build EntityManagerFactory
		at org.hibernate.ejb.Ejb3Configuration.buildEntityManagerFactory(Ejb3Configuration.java:915)
		at org.hibernate.ejb.Ejb3Configuration.buildEntityManagerFactory(Ejb3Configuration.java:890)
		at org.hibernate.ejb.HibernatePersistence.createContainerEntityManagerFactory(HibernatePersistence.java:74)
		at org.springframework.orm.jpa.LocalContainerEntityManagerFactoryBean.createNativeEntityManagerFactory(LocalContainerEntityManagerFactoryBean.java:290)
		at org.springframework.orm.jpa.AbstractEntityManagerFactoryBean.afterPropertiesSet(AbstractEntityManagerFactoryBean.java:310)
		at org.springframework.beans.factory.support.AbstractAutowireCapableBeanFactory.invokeInitMethods(AbstractAutowireCapableBeanFactory.java:1571)
		at org.springframework.beans.factory.support.AbstractAutowireCapableBeanFactory.initializeBean(AbstractAutowireCapableBeanFactory.java:1509)
		... 55 more
	Caused by: org.hibernate.HibernateException: Missing column: USE_DEFAULT_HANDLER in PUBLIC.PUBLIC.BLC_ADMIN_SECTION
		at org.hibernate.mapping.Table.validateColumns(Table.java:366)
		at org.hibernate.cfg.Configuration.validateSchema(Configuration.java:1264)
		at org.hibernate.tool.hbm2ddl.SchemaValidator.validate(SchemaValidator.java:155)
		at org.hibernate.internal.SessionFactoryImpl.<init>(SessionFactoryImpl.java:506)
		at org.hibernate.cfg.Configuration.buildSessionFactory(Configuration.java:1742)
		at org.hibernate.ejb.EntityManagerFactoryImpl.<init>(EntityManagerFactoryImpl.java:94)
		at org.hibernate.ejb.Ejb3Configuration.buildEntityManagerFactory(Ejb3Configuration.java:905)
		... 61 more
03-Dec-2025 10:19:52.134 정보 [main] org.apache.catalina.core.ApplicationContext.log Closing Spring root WebApplicationContext
03-Dec-2025 10:19:52.158 정보 [main] org.apache.catalina.core.ApplicationContext.log Shutting down log4j
03-Dec-2025 10:31:27.540 정보 [main] org.apache.catalina.core.ApplicationContext.log ContextListener: contextInitialized()
03-Dec-2025 10:31:27.540 정보 [main] org.apache.catalina.core.ApplicationContext.log SessionListener: contextInitialized()
03-Dec-2025 10:31:27.544 정보 [main] org.apache.catalina.core.ApplicationContext.log ContextListener: attributeAdded('StockTicker', 'async.Stockticker@506dcf55')
03-Dec-2025 10:31:35.695 정보 [main] org.apache.catalina.core.ApplicationContext.log No Spring WebApplicationInitializer types detected on classpath
03-Dec-2025 10:31:35.723 정보 [main] org.apache.catalina.core.ApplicationContext.log Set web app root system property: 'site.root' = [C:\AITEST\tomcat-9.0.104\webapps\mycompany\]
03-Dec-2025 10:31:35.773 정보 [main] org.apache.catalina.core.ApplicationContext.log Initializing log4j from [C:\AITEST\tomcat-9.0.104\webapps\mycompany\WEB-INF\log4j.xml]
03-Dec-2025 10:31:35.876 정보 [main] org.apache.catalina.core.ApplicationContext.log Initializing Spring root WebApplicationContext
03-Dec-2025 10:31:42.945 심각 [main] org.apache.catalina.core.StandardContext.listenerStart Context initialized 이벤트를 [org.broadleafcommerce.common.web.extensibility.MergeContextLoaderListener] 클래스의 인스턴스인 리스너에 전송하는 동안 예외 발생
	org.springframework.beans.factory.BeanCreationException: Error creating bean with name 'entityManagerFactory' defined in resource loaded from byte array: Invocation of init method failed; nested exception is javax.persistence.PersistenceException: [PersistenceUnit: blPU] Unable to build EntityManagerFactory
		at org.springframework.beans.factory.support.AbstractAutowireCapableBeanFactory.initializeBean(AbstractAutowireCapableBeanFactory.java:1512)
		at org.springframework.beans.factory.support.AbstractAutowireCapableBeanFactory.doCreateBean(AbstractAutowireCapableBeanFactory.java:521)
		at org.springframework.beans.factory.support.AbstractAutowireCapableBeanFactory.createBean(AbstractAutowireCapableBeanFactory.java:458)
		at org.springframework.beans.factory.support.AbstractBeanFactory$1.getObject(AbstractBeanFactory.java:296)
		at org.springframework.beans.factory.support.DefaultSingletonBeanRegistry.getSingleton(DefaultSingletonBeanRegistry.java:223)
		at org.springframework.beans.factory.support.AbstractBeanFactory.doGetBean(AbstractBeanFactory.java:293)
		at org.springframework.beans.factory.support.AbstractBeanFactory.getBean(AbstractBeanFactory.java:194)
		at org.springframework.context.support.AbstractApplicationContext.getBean(AbstractApplicationContext.java:1117)
		at org.springframework.context.support.AbstractApplicationContext.finishBeanFactoryInitialization(AbstractApplicationContext.java:922)
		at org.springframework.context.support.AbstractApplicationContext.refresh(AbstractApplicationContext.java:479)
		at org.springframework.web.context.ContextLoader.configureAndRefreshWebApplicationContext(ContextLoader.java:410)
		at org.springframework.web.context.ContextLoader.initWebApplicationContext(ContextLoader.java:306)
		at org.springframework.web.context.ContextLoaderListener.contextInitialized(ContextLoaderListener.java:112)
		at org.broadleafcommerce.common.web.extensibility.MergeContextLoaderListener.contextInitialized(MergeContextLoaderListener.java:50)
		at org.apache.catalina.core.StandardContext.listenerStart(StandardContext.java:4059)
		at org.apache.catalina.core.StandardContext.startInternal(StandardContext.java:4501)
		at org.apache.catalina.util.LifecycleBase.start(LifecycleBase.java:164)
		at org.apache.catalina.core.ContainerBase.addChildInternal(ContainerBase.java:599)
		at org.apache.catalina.core.ContainerBase.addChild(ContainerBase.java:571)
		at org.apache.catalina.core.StandardHost.addChild(StandardHost.java:603)
		at org.apache.catalina.startup.HostConfig.deployDirectory(HostConfig.java:1173)
		at org.apache.catalina.startup.HostConfig$DeployDirectory.run(HostConfig.java:1882)
		at java.util.concurrent.Executors$RunnableAdapter.call(Executors.java:511)
		at java.util.concurrent.FutureTask.run(FutureTask.java:266)
		at org.apache.tomcat.util.threads.InlineExecutorService.execute(InlineExecutorService.java:76)
		at java.util.concurrent.AbstractExecutorService.submit(AbstractExecutorService.java:112)
		at org.apache.catalina.startup.HostConfig.deployDirectories(HostConfig.java:1084)
		at org.apache.catalina.startup.HostConfig.deployApps(HostConfig.java:470)
		at org.apache.catalina.startup.HostConfig.start(HostConfig.java:1578)
		at org.apache.catalina.startup.HostConfig.lifecycleEvent(HostConfig.java:312)
		at org.apache.catalina.util.LifecycleBase.fireLifecycleEvent(LifecycleBase.java:109)
		at org.apache.catalina.util.LifecycleBase.setStateInternal(LifecycleBase.java:389)
		at org.apache.catalina.util.LifecycleBase.setState(LifecycleBase.java:336)
		at org.apache.catalina.core.ContainerBase.startInternal(ContainerBase.java:776)
		at org.apache.catalina.core.StandardHost.startInternal(StandardHost.java:721)
		at org.apache.catalina.util.LifecycleBase.start(LifecycleBase.java:164)
		at org.apache.catalina.core.ContainerBase$StartChild.call(ContainerBase.java:1203)
		at org.apache.catalina.core.ContainerBase$StartChild.call(ContainerBase.java:1193)
		at java.util.concurrent.FutureTask.run(FutureTask.java:266)
		at org.apache.tomcat.util.threads.InlineExecutorService.execute(InlineExecutorService.java:76)
		at java.util.concurrent.AbstractExecutorService.submit(AbstractExecutorService.java:134)
		at org.apache.catalina.core.ContainerBase.startInternal(ContainerBase.java:749)
		at org.apache.catalina.core.StandardEngine.startInternal(StandardEngine.java:211)
		at org.apache.catalina.util.LifecycleBase.start(LifecycleBase.java:164)
		at org.apache.catalina.core.StandardService.startInternal(StandardService.java:412)
		at org.apache.catalina.util.LifecycleBase.start(LifecycleBase.java:164)
		at org.apache.catalina.core.StandardServer.startInternal(StandardServer.java:874)
		at org.apache.catalina.util.LifecycleBase.start(LifecycleBase.java:164)
		at org.apache.catalina.startup.Catalina.start(Catalina.java:739)
		at sun.reflect.NativeMethodAccessorImpl.invoke0(Native Method)
		at sun.reflect.NativeMethodAccessorImpl.invoke(NativeMethodAccessorImpl.java:62)
		at sun.reflect.DelegatingMethodAccessorImpl.invoke(DelegatingMethodAccessorImpl.java:43)
		at java.lang.reflect.Method.invoke(Method.java:498)
		at org.springsource.loaded.ri.ReflectiveInterceptor.jlrMethodInvoke(ReflectiveInterceptor.java:1427)
		at org.apache.catalina.startup.Bootstrap.start(Bootstrap.java:345)
		at org.apache.catalina.startup.Bootstrap.main(Bootstrap.java:476)
	Caused by: javax.persistence.PersistenceException: [PersistenceUnit: blPU] Unable to build EntityManagerFactory
		at org.hibernate.ejb.Ejb3Configuration.buildEntityManagerFactory(Ejb3Configuration.java:915)
		at org.hibernate.ejb.Ejb3Configuration.buildEntityManagerFactory(Ejb3Configuration.java:890)
		at org.hibernate.ejb.HibernatePersistence.createContainerEntityManagerFactory(HibernatePersistence.java:74)
		at org.springframework.orm.jpa.LocalContainerEntityManagerFactoryBean.createNativeEntityManagerFactory(LocalContainerEntityManagerFactoryBean.java:290)
		at org.springframework.orm.jpa.AbstractEntityManagerFactoryBean.afterPropertiesSet(AbstractEntityManagerFactoryBean.java:310)
		at org.springframework.beans.factory.support.AbstractAutowireCapableBeanFactory.invokeInitMethods(AbstractAutowireCapableBeanFactory.java:1571)
		at org.springframework.beans.factory.support.AbstractAutowireCapableBeanFactory.initializeBean(AbstractAutowireCapableBeanFactory.java:1509)
		... 55 more
	Caused by: org.hibernate.HibernateException: Missing table: BLC_ADMIN_USER_ADDTL_FIELDS
		at org.hibernate.cfg.Configuration.validateSchema(Configuration.java:1261)
		at org.hibernate.tool.hbm2ddl.SchemaValidator.validate(SchemaValidator.java:155)
		at org.hibernate.internal.SessionFactoryImpl.<init>(SessionFactoryImpl.java:506)
		at org.hibernate.cfg.Configuration.buildSessionFactory(Configuration.java:1742)
		at org.hibernate.ejb.EntityManagerFactoryImpl.<init>(EntityManagerFactoryImpl.java:94)
		at org.hibernate.ejb.Ejb3Configuration.buildEntityManagerFactory(Ejb3Configuration.java:905)
		... 61 more
03-Dec-2025 10:31:42.959 정보 [main] org.apache.catalina.core.ApplicationContext.log Closing Spring root WebApplicationContext
03-Dec-2025 10:31:42.983 정보 [main] org.apache.catalina.core.ApplicationContext.log Shutting down log4j
